This file contains any messages produced by compilers while
running configure, to aid debugging if configure makes a mistake.

It was created by vlc configure 2.1.0-git, which was
generated by GNU Autoconf 2.68.  Invocation command line was

  $ ./configure 

## --------- ##
## Platform. ##
## --------- ##

hostname = left
uname -m = i686
uname -r = 3.8.0-29-generic
uname -s = Linux
uname -v = #42~precise1-Ubuntu SMP Wed Aug 14 15:31:16 UTC 2013

/usr/bin/uname -p = unknown
/bin/uname -X     = unknown

/bin/arch              = unknown
/usr/bin/arch -k       = unknown
/usr/convex/getsysinfo = unknown
/usr/bin/hostinfo      = unknown
/bin/machine           = unknown
/usr/bin/oslevel       = unknown
/bin/universe          = unknown

PATH: /usr/local/sbin
PATH: /usr/local/bin
PATH: /usr/sbin
PATH: /usr/bin
PATH: /sbin
PATH: /bin
PATH: /usr/games


## ----------- ##
## Core tests. ##
## ----------- ##

configure:4192: checking build system type
configure:4206: result: i686-pc-linux-gnu
configure:4226: checking host system type
configure:4239: result: i686-pc-linux-gnu
configure:4279: checking for a BSD-compatible install
configure:4347: result: /usr/bin/install -c
configure:4358: checking whether build environment is sane
configure:4408: result: yes
configure:4549: checking for a thread-safe mkdir -p
configure:4588: result: /bin/mkdir -p
configure:4601: checking for gawk
configure:4631: result: no
configure:4601: checking for mawk
configure:4617: found /usr/bin/mawk
configure:4628: result: mawk
configure:4639: checking whether make sets $(MAKE)
configure:4665: result: no
configure:4736: checking how to create a ustar tar archive
configure:4749: tar --version
tar (GNU tar) 1.26
Copyright (C) 2011 Free Software Foundation, Inc.
License GPLv3+: GNU GPL version 3 or later <http://gnu.org/licenses/gpl.html>.
This is free software: you are free to change and redistribute it.
There is NO WARRANTY, to the extent permitted by law.

Written by John Gilmore and Jay Fenlason.
configure:4752: $? = 0
configure:4792: tardir=conftest.dir && eval tar --format=ustar -chf - "$tardir" >conftest.tar
configure:4795: $? = 0
configure:4799: tar -xf - <conftest.tar
configure:4802: $? = 0
configure:4815: result: gnutar
configure:4837: checking whether make supports nested variables
configure:4854: result: no
configure:4870: checking whether to enable maintainer-specific portions of Makefiles
configure:4879: result: yes
configure:4910: checking for style of include used by make
configure:4938: result: none
configure:5009: checking for gcc
configure:5039: result: no
configure:5102: checking for cc
configure:5149: result: no
configure:5205: checking for cl.exe
configure:5235: result: no
configure:5259: error: in `/host/home/jcarrera/Documents/vlc':
configure:5261: error: no acceptable C compiler found in $PATH
See `config.log' for more details

## ---------------- ##
## Cache variables. ##
## ---------------- ##

ac_cv_build=i686-pc-linux-gnu
ac_cv_env_ALSA_CFLAGS_set=
ac_cv_env_ALSA_CFLAGS_value=
ac_cv_env_ALSA_LIBS_set=
ac_cv_env_ALSA_LIBS_value=
ac_cv_env_AVCODEC_CFLAGS_set=
ac_cv_env_AVCODEC_CFLAGS_value=
ac_cv_env_AVCODEC_LIBS_set=
ac_cv_env_AVCODEC_LIBS_value=
ac_cv_env_AVFORMAT_CFLAGS_set=
ac_cv_env_AVFORMAT_CFLAGS_value=
ac_cv_env_AVFORMAT_LIBS_set=
ac_cv_env_AVFORMAT_LIBS_value=
ac_cv_env_BLURAY_CFLAGS_set=
ac_cv_env_BLURAY_CFLAGS_value=
ac_cv_env_BLURAY_LIBS_set=
ac_cv_env_BLURAY_LIBS_value=
ac_cv_env_BONJOUR_CFLAGS_set=
ac_cv_env_BONJOUR_CFLAGS_value=
ac_cv_env_BONJOUR_LIBS_set=
ac_cv_env_BONJOUR_LIBS_value=
ac_cv_env_CACA_CFLAGS_set=
ac_cv_env_CACA_CFLAGS_value=
ac_cv_env_CACA_LIBS_set=
ac_cv_env_CACA_LIBS_value=
ac_cv_env_CCASFLAGS_set=
ac_cv_env_CCASFLAGS_value=
ac_cv_env_CCAS_set=
ac_cv_env_CCAS_value=
ac_cv_env_CCC_set=
ac_cv_env_CCC_value=
ac_cv_env_CC_set=
ac_cv_env_CC_value=
ac_cv_env_CFLAGS_set=
ac_cv_env_CFLAGS_value=
ac_cv_env_CPPFLAGS_set=
ac_cv_env_CPPFLAGS_value=
ac_cv_env_CPP_set=
ac_cv_env_CPP_value=
ac_cv_env_CXXCPP_set=
ac_cv_env_CXXCPP_value=
ac_cv_env_CXXFLAGS_set=
ac_cv_env_CXXFLAGS_value=
ac_cv_env_CXX_set=
ac_cv_env_CXX_value=
ac_cv_env_DBUS_CFLAGS_set=
ac_cv_env_DBUS_CFLAGS_value=
ac_cv_env_DBUS_LIBS_set=
ac_cv_env_DBUS_LIBS_value=
ac_cv_env_DC1394_CFLAGS_set=
ac_cv_env_DC1394_CFLAGS_value=
ac_cv_env_DC1394_LIBS_set=
ac_cv_env_DC1394_LIBS_value=
ac_cv_env_DCA_CFLAGS_set=
ac_cv_env_DCA_CFLAGS_value=
ac_cv_env_DCA_LIBS_set=
ac_cv_env_DCA_LIBS_value=
ac_cv_env_DESKTOP_FILE_VALIDATE_set=
ac_cv_env_DESKTOP_FILE_VALIDATE_value=
ac_cv_env_DIRAC_CFLAGS_set=
ac_cv_env_DIRAC_CFLAGS_value=
ac_cv_env_DIRAC_LIBS_set=
ac_cv_env_DIRAC_LIBS_value=
ac_cv_env_DIRECTFB_CFLAGS_set=
ac_cv_env_DIRECTFB_CFLAGS_value=
ac_cv_env_DIRECTFB_LIBS_set=
ac_cv_env_DIRECTFB_LIBS_value=
ac_cv_env_DV1394_CFLAGS_set=
ac_cv_env_DV1394_CFLAGS_value=
ac_cv_env_DV1394_LIBS_set=
ac_cv_env_DV1394_LIBS_value=
ac_cv_env_DVBPSI_CFLAGS_set=
ac_cv_env_DVBPSI_CFLAGS_value=
ac_cv_env_DVBPSI_LIBS_set=
ac_cv_env_DVBPSI_LIBS_value=
ac_cv_env_DVDNAV_CFLAGS_set=
ac_cv_env_DVDNAV_CFLAGS_value=
ac_cv_env_DVDNAV_LIBS_set=
ac_cv_env_DVDNAV_LIBS_value=
ac_cv_env_DVDREAD_CFLAGS_set=
ac_cv_env_DVDREAD_CFLAGS_value=
ac_cv_env_DVDREAD_LIBS_set=
ac_cv_env_DVDREAD_LIBS_value=
ac_cv_env_EGL_CFLAGS_set=
ac_cv_env_EGL_CFLAGS_value=
ac_cv_env_EGL_LIBS_set=
ac_cv_env_EGL_LIBS_value=
ac_cv_env_FDKAAC_CFLAGS_set=
ac_cv_env_FDKAAC_CFLAGS_value=
ac_cv_env_FDKAAC_LIBS_set=
ac_cv_env_FDKAAC_LIBS_value=
ac_cv_env_FLAC_CFLAGS_set=
ac_cv_env_FLAC_CFLAGS_value=
ac_cv_env_FLAC_LIBS_set=
ac_cv_env_FLAC_LIBS_value=
ac_cv_env_FLUIDSYNTH_CFLAGS_set=
ac_cv_env_FLUIDSYNTH_CFLAGS_value=
ac_cv_env_FLUIDSYNTH_LIBS_set=
ac_cv_env_FLUIDSYNTH_LIBS_value=
ac_cv_env_FREETYPE_CFLAGS_set=
ac_cv_env_FREETYPE_CFLAGS_value=
ac_cv_env_FREETYPE_LIBS_set=
ac_cv_env_FREETYPE_LIBS_value=
ac_cv_env_FRIBIDI_CFLAGS_set=
ac_cv_env_FRIBIDI_CFLAGS_value=
ac_cv_env_FRIBIDI_LIBS_set=
ac_cv_env_FRIBIDI_LIBS_value=
ac_cv_env_GL_CFLAGS_set=
ac_cv_env_GL_CFLAGS_value=
ac_cv_env_GL_LIBS_set=
ac_cv_env_GL_LIBS_value=
ac_cv_env_GNOMEVFS_CFLAGS_set=
ac_cv_env_GNOMEVFS_CFLAGS_value=
ac_cv_env_GNOMEVFS_LIBS_set=
ac_cv_env_GNOMEVFS_LIBS_value=
ac_cv_env_GNUTLS_CFLAGS_set=
ac_cv_env_GNUTLS_CFLAGS_value=
ac_cv_env_GNUTLS_LIBS_set=
ac_cv_env_GNUTLS_LIBS_value=
ac_cv_env_GOOM_CFLAGS_set=
ac_cv_env_GOOM_CFLAGS_value=
ac_cv_env_GOOM_LIBS_set=
ac_cv_env_GOOM_LIBS_value=
ac_cv_env_IDN_CFLAGS_set=
ac_cv_env_IDN_CFLAGS_value=
ac_cv_env_IDN_LIBS_set=
ac_cv_env_IDN_LIBS_value=
ac_cv_env_JACK_CFLAGS_set=
ac_cv_env_JACK_CFLAGS_value=
ac_cv_env_JACK_LIBS_set=
ac_cv_env_JACK_LIBS_value=
ac_cv_env_KATE_CFLAGS_set=
ac_cv_env_KATE_CFLAGS_value=
ac_cv_env_KATE_LIBS_set=
ac_cv_env_KATE_LIBS_value=
ac_cv_env_KDE4_CONFIG_set=
ac_cv_env_KDE4_CONFIG_value=
ac_cv_env_LDFLAGS_set=
ac_cv_env_LDFLAGS_value=
ac_cv_env_LIBASS_CFLAGS_set=
ac_cv_env_LIBASS_CFLAGS_value=
ac_cv_env_LIBASS_LIBS_set=
ac_cv_env_LIBASS_LIBS_value=
ac_cv_env_LIBCDDB_CFLAGS_set=
ac_cv_env_LIBCDDB_CFLAGS_value=
ac_cv_env_LIBCDDB_LIBS_set=
ac_cv_env_LIBCDDB_LIBS_value=
ac_cv_env_LIBMODPLUG_CFLAGS_set=
ac_cv_env_LIBMODPLUG_CFLAGS_value=
ac_cv_env_LIBMODPLUG_LIBS_set=
ac_cv_env_LIBMODPLUG_LIBS_value=
ac_cv_env_LIBMPEG2_CFLAGS_set=
ac_cv_env_LIBMPEG2_CFLAGS_value=
ac_cv_env_LIBMPEG2_LIBS_set=
ac_cv_env_LIBMPEG2_LIBS_value=
ac_cv_env_LIBPROXY_CFLAGS_set=
ac_cv_env_LIBPROXY_CFLAGS_value=
ac_cv_env_LIBPROXY_LIBS_set=
ac_cv_env_LIBPROXY_LIBS_value=
ac_cv_env_LIBS_set=
ac_cv_env_LIBS_value=
ac_cv_env_LIBVA_CFLAGS_set=
ac_cv_env_LIBVA_CFLAGS_value=
ac_cv_env_LIBVA_LIBS_set=
ac_cv_env_LIBVA_LIBS_value=
ac_cv_env_LIBXML2_CFLAGS_set=
ac_cv_env_LIBXML2_CFLAGS_value=
ac_cv_env_LIBXML2_LIBS_set=
ac_cv_env_LIBXML2_LIBS_value=
ac_cv_env_LINSYS_SDI_CFLAGS_set=
ac_cv_env_LINSYS_SDI_CFLAGS_value=
ac_cv_env_LINSYS_SDI_LIBS_set=
ac_cv_env_LINSYS_SDI_LIBS_value=
ac_cv_env_LUAC_set=
ac_cv_env_LUAC_value=
ac_cv_env_LUA_CFLAGS_set=
ac_cv_env_LUA_CFLAGS_value=
ac_cv_env_LUA_LIBS_set=
ac_cv_env_LUA_LIBS_value=
ac_cv_env_MINIZIP_CFLAGS_set=
ac_cv_env_MINIZIP_CFLAGS_value=
ac_cv_env_MINIZIP_LIBS_set=
ac_cv_env_MINIZIP_LIBS_value=
ac_cv_env_MTP_CFLAGS_set=
ac_cv_env_MTP_CFLAGS_value=
ac_cv_env_MTP_LIBS_set=
ac_cv_env_MTP_LIBS_value=
ac_cv_env_MUX_OGG_CFLAGS_set=
ac_cv_env_MUX_OGG_CFLAGS_value=
ac_cv_env_MUX_OGG_LIBS_set=
ac_cv_env_MUX_OGG_LIBS_value=
ac_cv_env_NCURSES_CFLAGS_set=
ac_cv_env_NCURSES_CFLAGS_value=
ac_cv_env_NCURSES_LIBS_set=
ac_cv_env_NCURSES_LIBS_value=
ac_cv_env_NOTIFY_CFLAGS_set=
ac_cv_env_NOTIFY_CFLAGS_value=
ac_cv_env_NOTIFY_LIBS_set=
ac_cv_env_NOTIFY_LIBS_value=
ac_cv_env_OBJCFLAGS_set=
ac_cv_env_OBJCFLAGS_value=
ac_cv_env_OBJC_set=
ac_cv_env_OBJC_value=
ac_cv_env_OGG_CFLAGS_set=
ac_cv_env_OGG_CFLAGS_value=
ac_cv_env_OGG_LIBS_set=
ac_cv_env_OGG_LIBS_value=
ac_cv_env_OPENCV_CFLAGS_set=
ac_cv_env_OPENCV_CFLAGS_value=
ac_cv_env_OPENCV_LIBS_set=
ac_cv_env_OPENCV_LIBS_value=
ac_cv_env_OPUS_CFLAGS_set=
ac_cv_env_OPUS_CFLAGS_value=
ac_cv_env_OPUS_LIBS_set=
ac_cv_env_OPUS_LIBS_value=
ac_cv_env_PKG_CONFIG_LIBDIR_set=
ac_cv_env_PKG_CONFIG_LIBDIR_value=
ac_cv_env_PKG_CONFIG_PATH_set=
ac_cv_env_PKG_CONFIG_PATH_value=
ac_cv_env_PKG_CONFIG_set=
ac_cv_env_PKG_CONFIG_value=
ac_cv_env_POSTPROC_CFLAGS_set=
ac_cv_env_POSTPROC_CFLAGS_value=
ac_cv_env_POSTPROC_LIBS_set=
ac_cv_env_POSTPROC_LIBS_value=
ac_cv_env_PROJECTM2_CFLAGS_set=
ac_cv_env_PROJECTM2_CFLAGS_value=
ac_cv_env_PROJECTM2_LIBS_set=
ac_cv_env_PROJECTM2_LIBS_value=
ac_cv_env_PROJECTM_CFLAGS_set=
ac_cv_env_PROJECTM_CFLAGS_value=
ac_cv_env_PROJECTM_LIBS_set=
ac_cv_env_PROJECTM_LIBS_value=
ac_cv_env_PULSE_CFLAGS_set=
ac_cv_env_PULSE_CFLAGS_value=
ac_cv_env_PULSE_LIBS_set=
ac_cv_env_PULSE_LIBS_value=
ac_cv_env_QT_CFLAGS_set=
ac_cv_env_QT_CFLAGS_value=
ac_cv_env_QT_LIBS_set=
ac_cv_env_QT_LIBS_value=
ac_cv_env_SAMPLERATE_CFLAGS_set=
ac_cv_env_SAMPLERATE_CFLAGS_value=
ac_cv_env_SAMPLERATE_LIBS_set=
ac_cv_env_SAMPLERATE_LIBS_value=
ac_cv_env_SCHROEDINGER_CFLAGS_set=
ac_cv_env_SCHROEDINGER_CFLAGS_value=
ac_cv_env_SCHROEDINGER_LIBS_set=
ac_cv_env_SCHROEDINGER_LIBS_value=
ac_cv_env_SDL_CFLAGS_set=
ac_cv_env_SDL_CFLAGS_value=
ac_cv_env_SDL_IMAGE_CFLAGS_set=
ac_cv_env_SDL_IMAGE_CFLAGS_value=
ac_cv_env_SDL_IMAGE_LIBS_set=
ac_cv_env_SDL_IMAGE_LIBS_value=
ac_cv_env_SDL_LIBS_set=
ac_cv_env_SDL_LIBS_value=
ac_cv_env_SFTP_CFLAGS_set=
ac_cv_env_SFTP_CFLAGS_value=
ac_cv_env_SFTP_LIBS_set=
ac_cv_env_SFTP_LIBS_value=
ac_cv_env_SHOUT_CFLAGS_set=
ac_cv_env_SHOUT_CFLAGS_value=
ac_cv_env_SHOUT_LIBS_set=
ac_cv_env_SHOUT_LIBS_value=
ac_cv_env_SID_CFLAGS_set=
ac_cv_env_SID_CFLAGS_value=
ac_cv_env_SID_LIBS_set=
ac_cv_env_SID_LIBS_value=
ac_cv_env_SMBCLIENT_CFLAGS_set=
ac_cv_env_SMBCLIENT_CFLAGS_value=
ac_cv_env_SMBCLIENT_LIBS_set=
ac_cv_env_SMBCLIENT_LIBS_value=
ac_cv_env_SPEEXDSP_CFLAGS_set=
ac_cv_env_SPEEXDSP_CFLAGS_value=
ac_cv_env_SPEEXDSP_LIBS_set=
ac_cv_env_SPEEXDSP_LIBS_value=
ac_cv_env_SPEEX_CFLAGS_set=
ac_cv_env_SPEEX_CFLAGS_value=
ac_cv_env_SPEEX_LIBS_set=
ac_cv_env_SPEEX_LIBS_value=
ac_cv_env_SQLITE_CFLAGS_set=
ac_cv_env_SQLITE_CFLAGS_value=
ac_cv_env_SQLITE_LIBS_set=
ac_cv_env_SQLITE_LIBS_value=
ac_cv_env_SVG_CFLAGS_set=
ac_cv_env_SVG_CFLAGS_value=
ac_cv_env_SVG_LIBS_set=
ac_cv_env_SVG_LIBS_value=
ac_cv_env_SWSCALE_CFLAGS_set=
ac_cv_env_SWSCALE_CFLAGS_value=
ac_cv_env_SWSCALE_LIBS_set=
ac_cv_env_SWSCALE_LIBS_value=
ac_cv_env_TAGLIB_CFLAGS_set=
ac_cv_env_TAGLIB_CFLAGS_value=
ac_cv_env_TAGLIB_LIBS_set=
ac_cv_env_TAGLIB_LIBS_value=
ac_cv_env_THEORA_CFLAGS_set=
ac_cv_env_THEORA_CFLAGS_value=
ac_cv_env_THEORA_LIBS_set=
ac_cv_env_THEORA_LIBS_value=
ac_cv_env_TIGER_CFLAGS_set=
ac_cv_env_TIGER_CFLAGS_value=
ac_cv_env_TIGER_LIBS_set=
ac_cv_env_TIGER_LIBS_value=
ac_cv_env_TWOLAME_CFLAGS_set=
ac_cv_env_TWOLAME_CFLAGS_value=
ac_cv_env_TWOLAME_LIBS_set=
ac_cv_env_TWOLAME_LIBS_value=
ac_cv_env_UDEV_CFLAGS_set=
ac_cv_env_UDEV_CFLAGS_value=
ac_cv_env_UDEV_LIBS_set=
ac_cv_env_UDEV_LIBS_value=
ac_cv_env_UPNP_CFLAGS_set=
ac_cv_env_UPNP_CFLAGS_value=
ac_cv_env_UPNP_LIBS_set=
ac_cv_env_UPNP_LIBS_value=
ac_cv_env_VCDX_CFLAGS_set=
ac_cv_env_VCDX_CFLAGS_value=
ac_cv_env_VCDX_LIBS_set=
ac_cv_env_VCDX_LIBS_value=
ac_cv_env_VDPAU_CFLAGS_set=
ac_cv_env_VDPAU_CFLAGS_value=
ac_cv_env_VDPAU_LIBS_set=
ac_cv_env_VDPAU_LIBS_value=
ac_cv_env_VORBIS_CFLAGS_set=
ac_cv_env_VORBIS_CFLAGS_value=
ac_cv_env_VORBIS_LIBS_set=
ac_cv_env_VORBIS_LIBS_value=
ac_cv_env_VSXU_CFLAGS_set=
ac_cv_env_VSXU_CFLAGS_value=
ac_cv_env_VSXU_LIBS_set=
ac_cv_env_VSXU_LIBS_value=
ac_cv_env_X26410B_CFLAGS_set=
ac_cv_env_X26410B_CFLAGS_value=
ac_cv_env_X26410B_LIBS_set=
ac_cv_env_X26410B_LIBS_value=
ac_cv_env_X264_CFLAGS_set=
ac_cv_env_X264_CFLAGS_value=
ac_cv_env_X264_LIBS_set=
ac_cv_env_X264_LIBS_value=
ac_cv_env_XCB_CFLAGS_set=
ac_cv_env_XCB_CFLAGS_value=
ac_cv_env_XCB_COMPOSITE_CFLAGS_set=
ac_cv_env_XCB_COMPOSITE_CFLAGS_value=
ac_cv_env_XCB_COMPOSITE_LIBS_set=
ac_cv_env_XCB_COMPOSITE_LIBS_value=
ac_cv_env_XCB_KEYSYMS_CFLAGS_set=
ac_cv_env_XCB_KEYSYMS_CFLAGS_value=
ac_cv_env_XCB_KEYSYMS_LIBS_set=
ac_cv_env_XCB_KEYSYMS_LIBS_value=
ac_cv_env_XCB_LIBS_set=
ac_cv_env_XCB_LIBS_value=
ac_cv_env_XCB_RANDR_CFLAGS_set=
ac_cv_env_XCB_RANDR_CFLAGS_value=
ac_cv_env_XCB_RANDR_LIBS_set=
ac_cv_env_XCB_RANDR_LIBS_value=
ac_cv_env_XCB_SHM_CFLAGS_set=
ac_cv_env_XCB_SHM_CFLAGS_value=
ac_cv_env_XCB_SHM_LIBS_set=
ac_cv_env_XCB_SHM_LIBS_value=
ac_cv_env_XCB_XV_CFLAGS_set=
ac_cv_env_XCB_XV_CFLAGS_value=
ac_cv_env_XCB_XV_LIBS_set=
ac_cv_env_XCB_XV_LIBS_value=
ac_cv_env_XEXT_CFLAGS_set=
ac_cv_env_XEXT_CFLAGS_value=
ac_cv_env_XEXT_LIBS_set=
ac_cv_env_XEXT_LIBS_value=
ac_cv_env_XINERAMA_CFLAGS_set=
ac_cv_env_XINERAMA_CFLAGS_value=
ac_cv_env_XINERAMA_LIBS_set=
ac_cv_env_XINERAMA_LIBS_value=
ac_cv_env_XMKMF_set=
ac_cv_env_XMKMF_value=
ac_cv_env_XPM_CFLAGS_set=
ac_cv_env_XPM_CFLAGS_value=
ac_cv_env_XPM_LIBS_set=
ac_cv_env_XPM_LIBS_value=
ac_cv_env_XPROTO_CFLAGS_set=
ac_cv_env_XPROTO_CFLAGS_value=
ac_cv_env_XPROTO_LIBS_set=
ac_cv_env_XPROTO_LIBS_value=
ac_cv_env_ZVBI_CFLAGS_set=
ac_cv_env_ZVBI_CFLAGS_value=
ac_cv_env_ZVBI_LIBS_set=
ac_cv_env_ZVBI_LIBS_value=
ac_cv_env_build_alias_set=
ac_cv_env_build_alias_value=
ac_cv_env_host_alias_set=
ac_cv_env_host_alias_value=
ac_cv_env_target_alias_set=
ac_cv_env_target_alias_value=
ac_cv_host=i686-pc-linux-gnu
ac_cv_path_install='/usr/bin/install -c'
ac_cv_path_mkdir=/bin/mkdir
ac_cv_prog_AWK=mawk
ac_cv_prog_make_make_set=no
am_cv_make_support_nested_variables=no
am_cv_prog_tar_ustar=gnutar

## ----------------- ##
## Output variables. ##
## ----------------- ##

ACLOCAL='${SHELL} /host/home/jcarrera/Documents/vlc/autotools/missing --run aclocal-1.11'
ALIASES=''
ALSA_CFLAGS=''
ALSA_LIBS=''
AMDEPBACKSLASH='\'
AMDEP_FALSE='#'
AMDEP_TRUE=''
AMTAR='$${TAR-tar}'
AM_BACKSLASH='\'
AM_CPPFLAGS=''
AM_DEFAULT_V='0'
AM_DEFAULT_VERBOSITY='0'
AM_V='0'
AR=''
ARCH=''
AS=''
ASM=''
AUTOCONF='${SHELL} /host/home/jcarrera/Documents/vlc/autotools/missing --run autoconf'
AUTOHEADER='${SHELL} /host/home/jcarrera/Documents/vlc/autotools/missing --run autoheader'
AUTOMAKE='${SHELL} /host/home/jcarrera/Documents/vlc/autotools/missing --run automake-1.11'
AVCODEC_CFLAGS=''
AVCODEC_LIBS=''
AVFORMAT_CFLAGS=''
AVFORMAT_LIBS=''
AWK='mawk'
BLURAY_CFLAGS=''
BLURAY_LIBS=''
BONJOUR_CFLAGS=''
BONJOUR_LIBS=''
BUILD_HTTPD_FALSE=''
BUILD_HTTPD_TRUE=''
BUILD_LUA_FALSE=''
BUILD_LUA_TRUE=''
BUILD_MACOSX_VLC_APP_FALSE=''
BUILD_MACOSX_VLC_APP_TRUE=''
BUILD_SKINS_FALSE=''
BUILD_SKINS_TRUE=''
BUILD_VLC_FALSE=''
BUILD_VLC_TRUE=''
CACA_CFLAGS=''
CACA_LIBS=''
CC=''
CCAS=''
CCASDEPMODE=''
CCASFLAGS=''
CCDEPMODE=''
CFLAGS=''
CFLAGS_access_avio=''
CFLAGS_access_gnomevfs=''
CFLAGS_access_http=''
CFLAGS_access_jack=''
CFLAGS_access_mtp=''
CFLAGS_access_output_shout=''
CFLAGS_access_sftp=''
CFLAGS_access_smb=''
CFLAGS_avcodec=''
CFLAGS_bonjour=''
CFLAGS_caca=''
CFLAGS_cdda=''
CFLAGS_dc1394=''
CFLAGS_deinterlace=''
CFLAGS_dirac=''
CFLAGS_dtstofloat32=''
CFLAGS_dv1394=''
CFLAGS_dvdnav=''
CFLAGS_dvdread=''
CFLAGS_fdkaac=''
CFLAGS_flac=''
CFLAGS_fluidsynth=''
CFLAGS_goom=''
CFLAGS_i420_yuy2_altivec=''
CFLAGS_jack=''
CFLAGS_kate=''
CFLAGS_libass=''
CFLAGS_libbluray=''
CFLAGS_libmpeg2=''
CFLAGS_libvlccore=''
CFLAGS_linsys_sdi=''
CFLAGS_lua=''
CFLAGS_memcpyaltivec=''
CFLAGS_motion=''
CFLAGS_mtp=''
CFLAGS_mux_ogg=''
CFLAGS_ncurses=''
CFLAGS_notify=''
CFLAGS_ogg=''
CFLAGS_opencv_example=''
CFLAGS_opencv_wrapper=''
CFLAGS_opus=''
CFLAGS_panoramix=''
CFLAGS_postproc=''
CFLAGS_rotate=''
CFLAGS_samplerate=''
CFLAGS_schroedinger=''
CFLAGS_sdl_image=''
CFLAGS_sid=''
CFLAGS_speex=''
CFLAGS_sqlite=''
CFLAGS_stream_out_switcher=''
CFLAGS_svg=''
CFLAGS_swscale=''
CFLAGS_theora=''
CFLAGS_twolame=''
CFLAGS_udev=''
CFLAGS_upnp=''
CFLAGS_vcdx=''
CFLAGS_vorbis=''
CFLAGS_vout_sdl=''
CFLAGS_x26410b=''
CFLAGS_x264=''
CFLAGS_xcb_window=''
CFLAGS_xml=''
CFLAGS_zvbi=''
CONTRIB_DIR=''
COPYRIGHT_MESSAGE=''
COPYRIGHT_YEARS='1996-2013'
CPP=''
CPPFLAGS=''
CPPFLAGS_a52tofloat32=''
CPPFLAGS_access_gnomevfs=''
CPPFLAGS_access_jack=''
CPPFLAGS_access_mtp=''
CPPFLAGS_access_output_shout=''
CPPFLAGS_access_sftp=''
CPPFLAGS_access_smb=''
CPPFLAGS_bonjour=''
CPPFLAGS_caca=''
CPPFLAGS_dc1394=''
CPPFLAGS_dirac=''
CPPFLAGS_directfb=''
CPPFLAGS_dmo=''
CPPFLAGS_dtstofloat32=''
CPPFLAGS_dv1394=''
CPPFLAGS_dvdread=''
CPPFLAGS_faad=''
CPPFLAGS_fdkaac=''
CPPFLAGS_flac=''
CPPFLAGS_fluidsynth=''
CPPFLAGS_freetype=''
CPPFLAGS_goom=''
CPPFLAGS_jack=''
CPPFLAGS_kate=''
CPPFLAGS_libass=''
CPPFLAGS_libbluray=''
CPPFLAGS_libmpeg2=''
CPPFLAGS_mpgatofixed32=''
CPPFLAGS_mtp=''
CPPFLAGS_mux_ogg=''
CPPFLAGS_notify=''
CPPFLAGS_ogg=''
CPPFLAGS_opencv_example=''
CPPFLAGS_opencv_wrapper=''
CPPFLAGS_opus=''
CPPFLAGS_qt4=''
CPPFLAGS_quicktime=''
CPPFLAGS_samplerate=''
CPPFLAGS_schroedinger=''
CPPFLAGS_skins2=''
CPPFLAGS_speex=''
CPPFLAGS_sqlite=''
CPPFLAGS_svg=''
CPPFLAGS_theora=''
CPPFLAGS_twolame=''
CPPFLAGS_udev=''
CPPFLAGS_upnp=''
CPPFLAGS_vcdx=''
CPPFLAGS_vorbis=''
CPPFLAGS_x264=''
CPPFLAGS_xml=''
CXX=''
CXXCPP=''
CXXDEPMODE=''
CXXFLAGS=''
CXXFLAGS_decklink=''
CXXFLAGS_decklinkoutput=''
CXXFLAGS_live555=''
CXXFLAGS_mkv=''
CXXFLAGS_mod=''
CXXFLAGS_projectm=''
CXXFLAGS_qt4=''
CXXFLAGS_skins2=''
CXXFLAGS_taglib=''
CXXFLAGS_upnp=''
CXXFLAGS_vsxu=''
CYGPATH_W='echo'
DBUS_CFLAGS=''
DBUS_LIBS=''
DC1394_CFLAGS=''
DC1394_LIBS=''
DCA_CFLAGS=''
DCA_LIBS=''
DEFS=''
DEFS_BIGENDIAN=''
DEPDIR='.deps'
DESKTOP_FILE_VALIDATE=''
DIRAC_CFLAGS=''
DIRAC_LIBS=''
DIRECTFB_CFLAGS=''
DIRECTFB_CONFIG=''
DIRECTFB_LIBS=''
DLLTOOL=''
DOLT_BASH=''
DSYMUTIL=''
DUMPBIN=''
DV1394_CFLAGS=''
DV1394_LIBS=''
DVBPSI_CFLAGS=''
DVBPSI_LIBS=''
DVDNAV_CFLAGS=''
DVDNAV_LIBS=''
DVDREAD_CFLAGS=''
DVDREAD_LIBS=''
ECHO_C=''
ECHO_N='-n'
ECHO_T=''
EGL_CFLAGS=''
EGL_LIBS=''
EGREP=''
ENABLE_MACOSX_DIALOG_PROVIDER_FALSE=''
ENABLE_MACOSX_DIALOG_PROVIDER_TRUE=''
ENABLE_MACOSX_UI_FALSE=''
ENABLE_MACOSX_UI_TRUE=''
ENABLE_MINIMAL_MACOSX_FALSE=''
ENABLE_MINIMAL_MACOSX_TRUE=''
ENABLE_QT4_FALSE=''
ENABLE_QT4_TRUE=''
ENABLE_SOUT_FALSE=''
ENABLE_SOUT_TRUE=''
ENABLE_VLM_FALSE=''
ENABLE_VLM_TRUE=''
EXEEXT=''
FDKAAC_CFLAGS=''
FDKAAC_LIBS=''
FGREP=''
FILE_LIBVLCCORE_DLL=''
FILE_LIBVLC_DLL=''
FLAC_CFLAGS=''
FLAC_LIBS=''
FLUIDSYNTH_CFLAGS=''
FLUIDSYNTH_LIBS=''
FREETYPE_CFLAGS=''
FREETYPE_LIBS=''
FRIBIDI_CFLAGS=''
FRIBIDI_LIBS=''
GCRYPT_CFLAGS=''
GCRYPT_LIBS=''
GETTEXT_MACRO_VERSION=''
GL_CFLAGS=''
GL_LIBS=''
GMSGFMT=''
GMSGFMT_015=''
GNOMEVFS_CFLAGS=''
GNOMEVFS_LIBS=''
GNUGETOPT_LIBS=''
GNUTLS_CFLAGS=''
GNUTLS_LIBS=''
GOOM_CFLAGS=''
GOOM_LIBS=''
GREP=''
HAVE_3DNOW_FALSE=''
HAVE_3DNOW_TRUE=''
HAVE_ALSA_FALSE=''
HAVE_ALSA_TRUE=''
HAVE_ALTIVEC_FALSE=''
HAVE_ALTIVEC_TRUE=''
HAVE_ANDROID_FALSE=''
HAVE_ANDROID_TRUE=''
HAVE_AVCODEC_DXVA2_FALSE=''
HAVE_AVCODEC_DXVA2_TRUE=''
HAVE_AVCODEC_VAAPI_FALSE=''
HAVE_AVCODEC_VAAPI_TRUE=''
HAVE_AVCODEC_VDA_FALSE=''
HAVE_AVCODEC_VDA_TRUE=''
HAVE_AVCODEC_VDPAU_FALSE=''
HAVE_AVCODEC_VDPAU_TRUE=''
HAVE_DARWIN_FALSE=''
HAVE_DARWIN_TRUE=''
HAVE_DBUS_FALSE=''
HAVE_DBUS_TRUE=''
HAVE_DECKLINK_FALSE=''
HAVE_DECKLINK_TRUE=''
HAVE_DIRECTX_FALSE=''
HAVE_DIRECTX_TRUE=''
HAVE_DVBPSI_FALSE=''
HAVE_DVBPSI_TRUE=''
HAVE_DYNAMIC_PLUGINS_FALSE=''
HAVE_DYNAMIC_PLUGINS_TRUE=''
HAVE_GCRYPT_FALSE=''
HAVE_GCRYPT_TRUE=''
HAVE_KAI_FALSE=''
HAVE_KAI_TRUE=''
HAVE_KVA_FALSE=''
HAVE_KVA_TRUE=''
HAVE_LINUX_DVB_FALSE=''
HAVE_LINUX_DVB_TRUE=''
HAVE_LINUX_FALSE=''
HAVE_LINUX_TRUE=''
HAVE_MINIZIP_FALSE=''
HAVE_MINIZIP_TRUE=''
HAVE_MMXEXT_FALSE=''
HAVE_MMXEXT_TRUE=''
HAVE_MMX_FALSE=''
HAVE_MMX_TRUE=''
HAVE_NEON_FALSE=''
HAVE_NEON_TRUE=''
HAVE_OS2_FALSE=''
HAVE_OS2_TRUE=''
HAVE_OSS_FALSE=''
HAVE_OSS_TRUE=''
HAVE_PULSE_FALSE=''
HAVE_PULSE_TRUE=''
HAVE_QTKIT_FALSE=''
HAVE_QTKIT_TRUE=''
HAVE_SNDIO_FALSE=''
HAVE_SNDIO_TRUE=''
HAVE_SPEEXDSP_FALSE=''
HAVE_SPEEXDSP_TRUE=''
HAVE_SSE2_FALSE=''
HAVE_SSE2_TRUE=''
HAVE_SYMBIAN_FALSE=''
HAVE_SYMBIAN_TRUE=''
HAVE_V4L2_FALSE=''
HAVE_V4L2_TRUE=''
HAVE_WASAPI_FALSE=''
HAVE_WASAPI_TRUE=''
HAVE_WIN32_FALSE=''
HAVE_WIN32_TRUE=''
HAVE_WIN64_FALSE=''
HAVE_WIN64_TRUE=''
HAVE_XCB_FALSE=''
HAVE_XCB_TRUE=''
HAVE_ZLIB_FALSE=''
HAVE_ZLIB_TRUE=''
IDN_CFLAGS=''
IDN_LIBS=''
INSTALL_DATA='${INSTALL} -m 644'
INSTALL_PROGRAM='${INSTALL}'
INSTALL_SCRIPT='${INSTALL}'
INSTALL_STRIP_PROGRAM='$(install_sh) -c -s'
INTLLIBS=''
INTL_MACOSX_LIBS=''
JACK_CFLAGS=''
JACK_LIBS=''
KAI_LIBS=''
KATE_CFLAGS=''
KATE_LIBS=''
KDE4_CONFIG=''
KDE_SOLID_FALSE=''
KDE_SOLID_TRUE=''
KVA_LIBS=''
LD=''
LDFLAGS=''
LDFLAGS_access_avio=''
LDFLAGS_android_surface=''
LDFLAGS_avformat=''
LDFLAGS_live555=''
LDFLAGS_plugin=''
LDFLAGS_vlc=''
LDFLAGS_x26410b=''
LDFLAGS_x264=''
LIBASS_CFLAGS=''
LIBASS_LIBS=''
LIBCDDB_CFLAGS=''
LIBCDDB_LIBS=''
LIBDL=''
LIBEXT=''
LIBICONV=''
LIBINTL=''
LIBM=''
LIBMODPLUG_CFLAGS=''
LIBMODPLUG_LIBS=''
LIBMPEG2_CFLAGS=''
LIBMPEG2_LIBS=''
LIBOBJS=''
LIBPROXY_CFLAGS=''
LIBPROXY_LIBS=''
LIBPTHREAD=''
LIBS=''
LIBS_a52tofloat32=''
LIBS_aa=''
LIBS_access_avio=''
LIBS_access_eyetv=''
LIBS_access_ftp=''
LIBS_access_gnomevfs=''
LIBS_access_http=''
LIBS_access_imem=''
LIBS_access_jack=''
LIBS_access_mtp=''
LIBS_access_output_shout=''
LIBS_access_output_udp=''
LIBS_access_rtmp=''
LIBS_access_sftp=''
LIBS_access_smb=''
LIBS_access_tcp=''
LIBS_access_udp=''
LIBS_adjust=''
LIBS_anaglyph=''
LIBS_audiobargraph_a=''
LIBS_audioqueue=''
LIBS_audioscrobbler=''
LIBS_auhal=''
LIBS_avcodec=''
LIBS_ball=''
LIBS_bonjour=''
LIBS_caca=''
LIBS_cdda=''
LIBS_chorus_flanger=''
LIBS_colorthres=''
LIBS_compressor=''
LIBS_crystalhd=''
LIBS_dc1394=''
LIBS_dirac=''
LIBS_directfb=''
LIBS_dmo=''
LIBS_dtstofloat32=''
LIBS_dv1394=''
LIBS_dvdnav=''
LIBS_dvdread=''
LIBS_equalizer=''
LIBS_extract=''
LIBS_faad=''
LIBS_fdkaac=''
LIBS_flac=''
LIBS_fluidsynth=''
LIBS_freetype=''
LIBS_gaussianblur=''
LIBS_gme=''
LIBS_gnutls=''
LIBS_goom=''
LIBS_gradient=''
LIBS_grain=''
LIBS_growl=''
LIBS_headphone_channel_mixer=''
LIBS_hotkeys=''
LIBS_hqdn3d=''
LIBS_i420_rgb=''
LIBS_i420_rgb_mmx=''
LIBS_jack=''
LIBS_kate=''
LIBS_libass=''
LIBS_libbluray=''
LIBS_libmpeg2=''
LIBS_libvlc=''
LIBS_libvlccore=''
LIBS_linsys_sdi=''
LIBS_lirc=''
LIBS_live555=''
LIBS_lua=''
LIBS_macosx=''
LIBS_macosx_dialog_provider=''
LIBS_memcpyaltivec=''
LIBS_minimal_macosx=''
LIBS_mkv=''
LIBS_mod=''
LIBS_mono=''
LIBS_mosaic=''
LIBS_motion=''
LIBS_mpc=''
LIBS_mpgatofixed32=''
LIBS_mtp=''
LIBS_mux_ogg=''
LIBS_ncurses=''
LIBS_netsync=''
LIBS_noise=''
LIBS_normvol=''
LIBS_notify=''
LIBS_ogg=''
LIBS_oldrc=''
LIBS_opencv_example=''
LIBS_opencv_wrapper=''
LIBS_opus=''
LIBS_panoramix=''
LIBS_param_eq=''
LIBS_png=''
LIBS_postproc=''
LIBS_projectm=''
LIBS_psychedelic=''
LIBS_qt4=''
LIBS_quartztext=''
LIBS_quicktime=''
LIBS_remoteosd=''
LIBS_ripple=''
LIBS_rotate=''
LIBS_rtp=''
LIBS_samplerate=''
LIBS_sap=''
LIBS_scene=''
LIBS_schroedinger=''
LIBS_sdl_image=''
LIBS_sid=''
LIBS_skins2=''
LIBS_spatializer=''
LIBS_speex=''
LIBS_sqlite=''
LIBS_stream_out_raop=''
LIBS_stream_out_rtp=''
LIBS_stream_out_standard=''
LIBS_stream_out_switcher=''
LIBS_svg=''
LIBS_swscale=''
LIBS_taglib=''
LIBS_theora=''
LIBS_tremor=''
LIBS_ts=''
LIBS_twolame=''
LIBS_udev=''
LIBS_unzip=''
LIBS_upnp=''
LIBS_vcd=''
LIBS_vcdx=''
LIBS_vlc=''
LIBS_vod_rtsp=''
LIBS_vorbis=''
LIBS_vout_ios=''
LIBS_vout_macosx=''
LIBS_vout_sdl=''
LIBS_vsxu=''
LIBS_wave=''
LIBS_waveout=''
LIBS_win32text=''
LIBS_x26410b=''
LIBS_x264=''
LIBS_xml=''
LIBS_zip=''
LIBS_zvbi=''
LIBTOOL=''
LIBVA_CFLAGS=''
LIBVA_LIBS=''
LIBXML2_CFLAGS=''
LIBXML2_LIBS=''
LINSYS_SDI_CFLAGS=''
LINSYS_SDI_LIBS=''
LIPO=''
LN_S=''
LOADER_FALSE=''
LOADER_TRUE=''
LTCOMPILE=''
LTCXXCOMPILE=''
LTLIBICONV=''
LTLIBINTL=''
LTLIBOBJS=''
LTLIBa52tofloat32=''
LTLIBaa=''
LTLIBaccess_avio=''
LTLIBaccess_eyetv=''
LTLIBaccess_gnomevfs=''
LTLIBaccess_jack=''
LTLIBaccess_mtp=''
LTLIBaccess_output_shout=''
LTLIBaccess_sftp=''
LTLIBaccess_smb=''
LTLIBandroid_surface=''
LTLIBatmo=''
LTLIBaudioqueue=''
LTLIBauhal=''
LTLIBavcodec=''
LTLIBavformat=''
LTLIBbonjour=''
LTLIBcaca=''
LTLIBcdda=''
LTLIBcrystalhd=''
LTLIBdc1394=''
LTLIBdirac=''
LTLIBdirect2d=''
LTLIBdirect3d=''
LTLIBdirectfb=''
LTLIBdmo=''
LTLIBdtstofloat32=''
LTLIBdv1394=''
LTLIBdvdnav=''
LTLIBdvdread=''
LTLIBegl=''
LTLIBfaad=''
LTLIBfb=''
LTLIBfdkaac=''
LTLIBflac=''
LTLIBfluidsynth=''
LTLIBfreetype=''
LTLIBgl=''
LTLIBglobalhotkeys=''
LTLIBglwin32=''
LTLIBglx=''
LTLIBgme=''
LTLIBgnutls=''
LTLIBgoom=''
LTLIBgrowl=''
LTLIBjack=''
LTLIBkate=''
LTLIBlibass=''
LTLIBlibbluray=''
LTLIBlibmpeg2=''
LTLIBlinsys_hdsdi=''
LTLIBlinsys_sdi=''
LTLIBlirc=''
LTLIBlive555=''
LTLIBmacosx=''
LTLIBmacosx_dialog_provider=''
LTLIBmedia_library=''
LTLIBminimal_macosx=''
LTLIBmkv=''
LTLIBmod=''
LTLIBmpc=''
LTLIBmpgatofixed32=''
LTLIBmtp=''
LTLIBmux_ogg=''
LTLIBncurses=''
LTLIBnotify=''
LTLIBogg=''
LTLIBomxil=''
LTLIBopencv_example=''
LTLIBopencv_wrapper=''
LTLIBopensles_android=''
LTLIBopus=''
LTLIBpanoramix=''
LTLIBpng=''
LTLIBpostproc=''
LTLIBprojectm=''
LTLIBqt4=''
LTLIBqtcapture=''
LTLIBqtsound=''
LTLIBquartztext=''
LTLIBquicktime=''
LTLIBrealrtsp=''
LTLIBsamplerate=''
LTLIBschroedinger=''
LTLIBscreen=''
LTLIBsdl_image=''
LTLIBshine=''
LTLIBsid=''
LTLIBskins2=''
LTLIBspeex=''
LTLIBsqlite=''
LTLIBstream_out_switcher=''
LTLIBsvg=''
LTLIBswscale=''
LTLIBtaglib=''
LTLIBtelx=''
LTLIBtheora=''
LTLIBtremor=''
LTLIBtwolame=''
LTLIBudev=''
LTLIBupnp=''
LTLIBvcd=''
LTLIBvcdx=''
LTLIBvorbis=''
LTLIBvout_ios=''
LTLIBvout_macosx=''
LTLIBvout_sdl=''
LTLIBvsxu=''
LTLIBwaveout=''
LTLIBwma_fixed=''
LTLIBx26410b=''
LTLIBx264=''
LTLIBxcb_glx=''
LTLIBxcb_xv=''
LTLIBxml=''
LTLIBxwd=''
LTLIBzvbi=''
LUAC=''
LUA_CFLAGS=''
LUA_LIBS=''
MACOSX_DEPLOYMENT_TARGET=''
MAINT=''
MAINTAINER_MODE_FALSE='#'
MAINTAINER_MODE_TRUE=''
MAKEINFO='${SHELL} /host/home/jcarrera/Documents/vlc/autotools/missing --run makeinfo'
MANIFEST_TOOL=''
MERGE_FFMPEG_FALSE=''
MERGE_FFMPEG_TRUE=''
MINIZIP_CFLAGS=''
MINIZIP_LIBS=''
MKDIR_P='/bin/mkdir -p'
MOC=''
MSGFMT=''
MSGFMT_015=''
MSGMERGE=''
MTP_CFLAGS=''
MTP_LIBS=''
MUX_OGG_CFLAGS=''
MUX_OGG_LIBS=''
NCURSES_CFLAGS=''
NCURSES_LIBS=''
NM=''
NMEDIT=''
NOTIFY_CFLAGS=''
NOTIFY_LIBS=''
OBJC=''
OBJCDEPMODE=''
OBJCFLAGS=''
OBJCFLAGS_growl=''
OBJCFLAGS_macosx=''
OBJCFLAGS_minimal_macosx=''
OBJCOPY=''
OBJDUMP=''
OBJEXT=''
OGG_CFLAGS=''
OGG_LIBS=''
OPENCV_CFLAGS=''
OPENCV_LIBS=''
OPUS_CFLAGS=''
OPUS_LIBS=''
OSS_LIBS=''
OTOOL64=''
OTOOL=''
PACKAGE='vlc'
PACKAGE_BUGREPORT=''
PACKAGE_NAME='vlc'
PACKAGE_STRING='vlc 2.1.0-git'
PACKAGE_TARNAME='vlc'
PACKAGE_URL=''
PACKAGE_VERSION='2.1.0-git'
PATH_SEPARATOR=':'
PKGDIR='vlc'
PKG_CONFIG=''
PKG_CONFIG_LIBDIR=''
PKG_CONFIG_PATH=''
POSTPROC_CFLAGS=''
POSTPROC_LIBS=''
POSUB=''
PROGRAMFILES=''
PROJECTM2_CFLAGS=''
PROJECTM2_LIBS=''
PROJECTM_CFLAGS=''
PROJECTM_LIBS=''
PULSE_CFLAGS=''
PULSE_LIBS=''
QT_CFLAGS=''
QT_LIBS=''
RANLIB=''
RC=''
RCC=''
SAMPLERATE_CFLAGS=''
SAMPLERATE_LIBS=''
SCHROEDINGER_CFLAGS=''
SCHROEDINGER_LIBS=''
SDL_CFLAGS=''
SDL_IMAGE_CFLAGS=''
SDL_IMAGE_LIBS=''
SDL_LIBS=''
SED=''
SET_MAKE='MAKE=make'
SFTP_CFLAGS=''
SFTP_LIBS=''
SHELL='/bin/bash'
SHOUT_CFLAGS=''
SHOUT_LIBS=''
SID_CFLAGS=''
SID_LIBS=''
SMBCLIENT_CFLAGS=''
SMBCLIENT_LIBS=''
SOCKET_LIBS=''
SPEEXDSP_CFLAGS=''
SPEEXDSP_LIBS=''
SPEEX_CFLAGS=''
SPEEX_LIBS=''
SQLITE_CFLAGS=''
SQLITE_LIBS=''
STRIP=''
SVG_CFLAGS=''
SVG_LIBS=''
SWSCALE_CFLAGS=''
SWSCALE_LIBS=''
SYS=''
TAGLIB_CFLAGS=''
TAGLIB_LIBS=''
THEORA_CFLAGS=''
THEORA_LIBS=''
TIGER_CFLAGS=''
TIGER_LIBS=''
TWOLAME_CFLAGS=''
TWOLAME_LIBS=''
U2D=''
UDEV_CFLAGS=''
UDEV_LIBS=''
UIC=''
UPNP_CFLAGS=''
UPNP_LIBS=''
USE_NLS=''
VCDX_CFLAGS=''
VCDX_LIBS=''
VDPAU_CFLAGS=''
VDPAU_LIBS=''
VERSION='2.1.0-git'
VERSION_EXTRA='0'
VERSION_MAJOR='2'
VERSION_MESSAGE=''
VERSION_MINOR='1'
VERSION_REVISION='0'
VORBIS_CFLAGS=''
VORBIS_LIBS=''
VSXU_CFLAGS=''
VSXU_LIBS=''
WINDOWS_ARCH=''
WINDRES=''
WINE_SDK_PATH=''
X26410B_CFLAGS=''
X26410B_LIBS=''
X264_CFLAGS=''
X264_LIBS=''
XCB_CFLAGS=''
XCB_COMPOSITE_CFLAGS=''
XCB_COMPOSITE_LIBS=''
XCB_KEYSYMS_CFLAGS=''
XCB_KEYSYMS_LIBS=''
XCB_LIBS=''
XCB_RANDR_CFLAGS=''
XCB_RANDR_LIBS=''
XCB_SHM_CFLAGS=''
XCB_SHM_LIBS=''
XCB_XV_CFLAGS=''
XCB_XV_LIBS=''
XEXT_CFLAGS=''
XEXT_LIBS=''
XGETTEXT=''
XGETTEXT_015=''
XGETTEXT_EXTRA_OPTIONS=''
XINERAMA_CFLAGS=''
XINERAMA_LIBS=''
XMKMF=''
XPM_CFLAGS=''
XPM_LIBS=''
XPROTO_CFLAGS=''
XPROTO_LIBS=''
X_CFLAGS=''
X_EXTRA_LIBS=''
X_LIBS=''
X_PRE_LIBS=''
ZVBI_CFLAGS=''
ZVBI_LIBS=''
ac_ct_AR=''
ac_ct_CC=''
ac_ct_CXX=''
ac_ct_DUMPBIN=''
ac_ct_OBJC=''
am__EXEEXT_FALSE=''
am__EXEEXT_TRUE=''
am__fastdepCCAS_FALSE=''
am__fastdepCCAS_TRUE=''
am__fastdepCC_FALSE=''
am__fastdepCC_TRUE=''
am__fastdepCXX_FALSE=''
am__fastdepCXX_TRUE=''
am__fastdepOBJC_FALSE=''
am__fastdepOBJC_TRUE=''
am__include='#'
am__isrc=''
am__leading_dot='.'
am__nodep='_no'
am__quote=''
am__tar='tar --format=ustar -chf - "$$tardir"'
am__untar='tar -xf -'
bindir='${exec_prefix}/bin'
build='i686-pc-linux-gnu'
build_alias=''
build_cpu='i686'
build_os='linux-gnu'
build_vendor='pc'
datadir='${datarootdir}'
datarootdir='${prefix}/share'
docdir='${datarootdir}/doc/${PACKAGE_TARNAME}'
dvidir='${docdir}'
exec_prefix='NONE'
host='i686-pc-linux-gnu'
host_alias=''
host_cpu='i686'
host_os='linux-gnu'
host_vendor='pc'
htmldir='${docdir}'
includedir='${prefix}/include'
infodir='${datarootdir}/info'
install_sh='${SHELL} /host/home/jcarrera/Documents/vlc/autotools/install-sh'
libdir='${exec_prefix}/lib'
libexecdir='${exec_prefix}/libexec'
localedir='${datarootdir}/locale'
localstatedir='${prefix}/var'
mandir='${datarootdir}/man'
mkdir_p='/bin/mkdir -p'
oldincludedir='/usr/include'
pdfdir='${docdir}'
prefix='NONE'
program_transform_name='s,x,x,'
psdir='${docdir}'
sbindir='${exec_prefix}/sbin'
sharedstatedir='${prefix}/com'
soliddatadir=''
sysconfdir='${prefix}/etc'
target_alias=''
vlcdatadir='${datadir}/${PKGDIR}'
vlclibdir='${libdir}/${PKGDIR}'

## ----------- ##
## confdefs.h. ##
## ----------- ##

/* confdefs.h */
#define PACKAGE_NAME "vlc"
#define PACKAGE_TARNAME "vlc"
#define PACKAGE_VERSION "2.1.0-git"
#define PACKAGE_STRING "vlc 2.1.0-git"
#define PACKAGE_BUGREPORT ""
#define PACKAGE_URL ""
#define PACKAGE "vlc"
#define VERSION "2.1.0-git"

configure: exit 1
