This file contains any messages produced by compilers while
running configure, to aid debugging if configure makes a mistake.

It was created by OpenJPEG configure 1.5.0, which was
generated by GNU Autoconf 2.68.  Invocation command line was

  $ ./configure --enable-png=no --enable-tiff=no --prefix=/home/jcarrera/Documents/vlc/contrib/i686-linux-gnu --build=i686-linux-gnu --host=i686-linux-gnu --target=i686-linux-gnu --program-prefix= --enable-static --disable-shared --disable-dependency-tracking --with-pic

## --------- ##
## Platform. ##
## --------- ##

hostname = jcarrera-VirtualBox
uname -m = i686
uname -r = 3.8.0-30-generic
uname -s = Linux
uname -v = #44~precise1-Ubuntu SMP Fri Aug 23 17:33:45 UTC 2013

/usr/bin/uname -p = unknown
/bin/uname -X     = unknown

/bin/arch              = unknown
/usr/bin/arch -k       = unknown
/usr/convex/getsysinfo = unknown
/usr/bin/hostinfo      = unknown
/bin/machine           = unknown
/usr/bin/oslevel       = unknown
/bin/universe          = unknown

PATH: /home/jcarrera/Documents/vlc/contrib/i686-linux-gnu/bin
PATH: /home/jcarrera/Documents/vlc/extras/tools/build/bin
PATH: /usr/lib/lightdm/lightdm
PATH: /usr/local/sbin
PATH: /usr/local/bin
PATH: /usr/sbin
PATH: /usr/bin
PATH: /sbin
PATH: /bin
PATH: /usr/games


## ----------- ##
## Core tests. ##
## ----------- ##

configure:2257: checking build system type
configure:2271: result: i686-pc-linux-gnu
configure:2291: checking host system type
configure:2304: result: i686-pc-linux-gnu
configure:2324: checking target system type
configure:2337: result: i686-pc-linux-gnu
configure:2382: checking for a BSD-compatible install
configure:2450: result: /usr/bin/install -c
configure:2461: checking whether build environment is sane
configure:2511: result: yes
configure:2652: checking for a thread-safe mkdir -p
configure:2691: result: /bin/mkdir -p
configure:2704: checking for gawk
configure:2734: result: no
configure:2704: checking for mawk
configure:2720: found /usr/bin/mawk
configure:2731: result: mawk
configure:2742: checking whether make sets $(MAKE)
configure:2764: result: yes
configure:2855: checking whether make supports nested variables
configure:2872: result: yes
configure:2938: checking how to print strings
configure:2965: result: printf
configure:2998: checking for style of include used by make
configure:3026: result: GNU
configure:3057: checking for i686-linux-gnu-gcc
configure:3084: result: gcc
configure:3353: checking for C compiler version
configure:3362: gcc --version >&5
gcc (Ubuntu/Linaro 4.6.3-1ubuntu5) 4.6.3
Copyright (C) 2011 Free Software Foundation, Inc.
This is free software; see the source for copying conditions.  There is NO
warranty; not even for MERCHANTABILITY or FITNESS FOR A PARTICULAR PURPOSE.

configure:3373: $? = 0
configure:3362: gcc -v >&5
Using built-in specs.
COLLECT_GCC=gcc
COLLECT_LTO_WRAPPER=/usr/lib/gcc/i686-linux-gnu/4.6/lto-wrapper
Target: i686-linux-gnu
Configured with: ../src/configure -v --with-pkgversion='Ubuntu/Linaro 4.6.3-1ubuntu5' --with-bugurl=file:///usr/share/doc/gcc-4.6/README.Bugs --enable-languages=c,c++,fortran,objc,obj-c++ --prefix=/usr --program-suffix=-4.6 --enable-shared --enable-linker-build-id --with-system-zlib --libexecdir=/usr/lib --without-included-gettext --enable-threads=posix --with-gxx-include-dir=/usr/include/c++/4.6 --libdir=/usr/lib --enable-nls --with-sysroot=/ --enable-clocale=gnu --enable-libstdcxx-debug --enable-libstdcxx-time=yes --enable-gnu-unique-object --enable-plugin --enable-objc-gc --enable-targets=all --disable-werror --with-arch-32=i686 --with-tune=generic --enable-checking=release --build=i686-linux-gnu --host=i686-linux-gnu --target=i686-linux-gnu
Thread model: posix
gcc version 4.6.3 (Ubuntu/Linaro 4.6.3-1ubuntu5) 
configure:3373: $? = 0
configure:3362: gcc -V >&5
gcc: error: unrecognized option '-V'
gcc: fatal error: no input files
compilation terminated.
configure:3373: $? = 4
configure:3362: gcc -qversion >&5
gcc: error: unrecognized option '-qversion'
gcc: fatal error: no input files
compilation terminated.
configure:3373: $? = 4
configure:3393: checking whether the C compiler works
configure:3415: gcc  -I/home/jcarrera/Documents/vlc/contrib/i686-linux-gnu/include -g -DOPJ_STATIC  -I/home/jcarrera/Documents/vlc/contrib/i686-linux-gnu/include  -L/home/jcarrera/Documents/vlc/contrib/i686-linux-gnu/lib conftest.c  >&5
configure:3419: $? = 0
configure:3467: result: yes
configure:3470: checking for C compiler default output file name
configure:3472: result: a.out
configure:3478: checking for suffix of executables
configure:3485: gcc -o conftest  -I/home/jcarrera/Documents/vlc/contrib/i686-linux-gnu/include -g -DOPJ_STATIC  -I/home/jcarrera/Documents/vlc/contrib/i686-linux-gnu/include  -L/home/jcarrera/Documents/vlc/contrib/i686-linux-gnu/lib conftest.c  >&5
configure:3489: $? = 0
configure:3511: result: 
configure:3533: checking whether we are cross compiling
configure:3541: gcc -o conftest  -I/home/jcarrera/Documents/vlc/contrib/i686-linux-gnu/include -g -DOPJ_STATIC  -I/home/jcarrera/Documents/vlc/contrib/i686-linux-gnu/include  -L/home/jcarrera/Documents/vlc/contrib/i686-linux-gnu/lib conftest.c  >&5
configure:3545: $? = 0
configure:3552: ./conftest
configure:3556: $? = 0
configure:3571: result: no
configure:3576: checking for suffix of object files
configure:3598: gcc -c  -I/home/jcarrera/Documents/vlc/contrib/i686-linux-gnu/include -g -DOPJ_STATIC  -I/home/jcarrera/Documents/vlc/contrib/i686-linux-gnu/include conftest.c >&5
configure:3602: $? = 0
configure:3623: result: o
configure:3627: checking whether we are using the GNU C compiler
configure:3646: gcc -c  -I/home/jcarrera/Documents/vlc/contrib/i686-linux-gnu/include -g -DOPJ_STATIC  -I/home/jcarrera/Documents/vlc/contrib/i686-linux-gnu/include conftest.c >&5
configure:3646: $? = 0
configure:3655: result: yes
configure:3664: checking whether gcc accepts -g
configure:3684: gcc -c -g  -I/home/jcarrera/Documents/vlc/contrib/i686-linux-gnu/include conftest.c >&5
configure:3684: $? = 0
configure:3725: result: yes
configure:3742: checking for gcc option to accept ISO C89
configure:3806: gcc  -c  -I/home/jcarrera/Documents/vlc/contrib/i686-linux-gnu/include -g -DOPJ_STATIC  -I/home/jcarrera/Documents/vlc/contrib/i686-linux-gnu/include conftest.c >&5
configure:3806: $? = 0
configure:3819: result: none needed
configure:3841: checking dependency style of gcc
configure:3952: result: none
configure:3967: checking for a sed that does not truncate output
configure:4031: result: /bin/sed
configure:4049: checking for grep that handles long lines and -e
configure:4107: result: /bin/grep
configure:4112: checking for egrep
configure:4174: result: /bin/grep -E
configure:4179: checking for fgrep
configure:4241: result: /bin/grep -F
configure:4276: checking for ld used by gcc
configure:4343: result: ld
configure:4350: checking if the linker (ld) is GNU ld
configure:4365: result: yes
configure:4377: checking for BSD- or MS-compatible name lister (nm)
configure:4426: result: /usr/bin/nm -B
configure:4556: checking the name lister (/usr/bin/nm -B) interface
configure:4563: gcc -c  -I/home/jcarrera/Documents/vlc/contrib/i686-linux-gnu/include -g -DOPJ_STATIC  -I/home/jcarrera/Documents/vlc/contrib/i686-linux-gnu/include conftest.c >&5
configure:4566: /usr/bin/nm -B "conftest.o"
configure:4569: output
00000000 B some_variable
configure:4576: result: BSD nm
configure:4579: checking whether ln -s works
configure:4583: result: yes
configure:4591: checking the maximum length of command line arguments
configure:4721: result: 805306365
configure:4738: checking whether the shell understands some XSI constructs
configure:4748: result: yes
configure:4752: checking whether the shell understands "+="
configure:4758: result: yes
configure:4793: checking how to convert i686-pc-linux-gnu file names to i686-pc-linux-gnu format
configure:4833: result: func_convert_file_noop
configure:4840: checking how to convert i686-pc-linux-gnu file names to toolchain format
configure:4860: result: func_convert_file_noop
configure:4867: checking for ld option to reload object files
configure:4874: result: -r
configure:4908: checking for i686-linux-gnu-objdump
configure:4938: result: no
configure:4948: checking for objdump
configure:4964: found /usr/bin/objdump
configure:4975: result: objdump
configure:5004: checking how to recognize dependent libraries
configure:5206: result: pass_all
configure:5251: checking for i686-linux-gnu-dlltool
configure:5281: result: no
configure:5291: checking for dlltool
configure:5321: result: no
configure:5348: checking how to associate runtime and link libraries
configure:5375: result: printf %s\n
configure:5392: checking for i686-linux-gnu-ar
configure:5419: result: ar
configure:5500: checking for archiver @FILE support
configure:5517: gcc -c  -I/home/jcarrera/Documents/vlc/contrib/i686-linux-gnu/include -g -DOPJ_STATIC  -I/home/jcarrera/Documents/vlc/contrib/i686-linux-gnu/include conftest.c >&5
configure:5517: $? = 0
configure:5520: ar cru libconftest.a @conftest.lst >&5
configure:5523: $? = 0
configure:5528: ar cru libconftest.a @conftest.lst >&5
ar: conftest.o: No such file or directory
configure:5531: $? = 1
configure:5543: result: @
configure:5561: checking for i686-linux-gnu-strip
configure:5588: result: strip
configure:5660: checking for i686-linux-gnu-ranlib
configure:5687: result: ranlib
configure:5829: checking command to parse /usr/bin/nm -B output from gcc object
configure:5949: gcc -c  -I/home/jcarrera/Documents/vlc/contrib/i686-linux-gnu/include -g -DOPJ_STATIC  -I/home/jcarrera/Documents/vlc/contrib/i686-linux-gnu/include conftest.c >&5
configure:5952: $? = 0
configure:5956: /usr/bin/nm -B conftest.o \| sed -n -e 's/^.*[ ]\([ABCDGIRSTW][ABCDGIRSTW]*\)[ ][ ]*\([_A-Za-z][_A-Za-z0-9]*\)$/\1 \2 \2/p' | sed '/ __gnu_lto/d' \> conftest.nm
configure:5959: $? = 0
configure:6025: gcc -o conftest  -I/home/jcarrera/Documents/vlc/contrib/i686-linux-gnu/include -g -DOPJ_STATIC  -I/home/jcarrera/Documents/vlc/contrib/i686-linux-gnu/include  -L/home/jcarrera/Documents/vlc/contrib/i686-linux-gnu/lib conftest.c conftstm.o >&5
configure:6028: $? = 0
configure:6066: result: ok
configure:6103: checking for sysroot
configure:6133: result: no
configure:6349: checking for i686-linux-gnu-mt
configure:6379: result: no
configure:6389: checking for mt
configure:6405: found /bin/mt
configure:6416: result: mt
configure:6439: checking if mt is a manifest tool
configure:6445: mt '-?'
configure:6453: result: no
configure:7095: checking how to run the C preprocessor
configure:7126: gcc -E  -I/home/jcarrera/Documents/vlc/contrib/i686-linux-gnu/include conftest.c
configure:7126: $? = 0
configure:7140: gcc -E  -I/home/jcarrera/Documents/vlc/contrib/i686-linux-gnu/include conftest.c
conftest.c:11:28: fatal error: ac_nonexistent.h: No such file or directory
compilation terminated.
configure:7140: $? = 1
configure: failed program was:
| /* confdefs.h */
| #define PACKAGE_NAME "OpenJPEG"
| #define PACKAGE_TARNAME "openjpeg"
| #define PACKAGE_VERSION "1.5.0"
| #define PACKAGE_STRING "OpenJPEG 1.5.0"
| #define PACKAGE_BUGREPORT "openjpeg@googlegroups.com"
| #define PACKAGE_URL "http://www.openjpeg.org"
| #define PACKAGE "openjpeg"
| #define VERSION "1.5.0"
| /* end confdefs.h.  */
| #include <ac_nonexistent.h>
configure:7165: result: gcc -E
configure:7185: gcc -E  -I/home/jcarrera/Documents/vlc/contrib/i686-linux-gnu/include conftest.c
configure:7185: $? = 0
configure:7199: gcc -E  -I/home/jcarrera/Documents/vlc/contrib/i686-linux-gnu/include conftest.c
conftest.c:11:28: fatal error: ac_nonexistent.h: No such file or directory
compilation terminated.
configure:7199: $? = 1
configure: failed program was:
| /* confdefs.h */
| #define PACKAGE_NAME "OpenJPEG"
| #define PACKAGE_TARNAME "openjpeg"
| #define PACKAGE_VERSION "1.5.0"
| #define PACKAGE_STRING "OpenJPEG 1.5.0"
| #define PACKAGE_BUGREPORT "openjpeg@googlegroups.com"
| #define PACKAGE_URL "http://www.openjpeg.org"
| #define PACKAGE "openjpeg"
| #define VERSION "1.5.0"
| /* end confdefs.h.  */
| #include <ac_nonexistent.h>
configure:7228: checking for ANSI C header files
configure:7248: gcc -c  -I/home/jcarrera/Documents/vlc/contrib/i686-linux-gnu/include -g -DOPJ_STATIC  -I/home/jcarrera/Documents/vlc/contrib/i686-linux-gnu/include conftest.c >&5
configure:7248: $? = 0
configure:7321: gcc -o conftest  -I/home/jcarrera/Documents/vlc/contrib/i686-linux-gnu/include -g -DOPJ_STATIC  -I/home/jcarrera/Documents/vlc/contrib/i686-linux-gnu/include  -L/home/jcarrera/Documents/vlc/contrib/i686-linux-gnu/lib conftest.c  >&5
configure:7321: $? = 0
configure:7321: ./conftest
configure:7321: $? = 0
configure:7332: result: yes
configure:7345: checking for sys/types.h
configure:7345: gcc -c  -I/home/jcarrera/Documents/vlc/contrib/i686-linux-gnu/include -g -DOPJ_STATIC  -I/home/jcarrera/Documents/vlc/contrib/i686-linux-gnu/include conftest.c >&5
configure:7345: $? = 0
configure:7345: result: yes
configure:7345: checking for sys/stat.h
configure:7345: gcc -c  -I/home/jcarrera/Documents/vlc/contrib/i686-linux-gnu/include -g -DOPJ_STATIC  -I/home/jcarrera/Documents/vlc/contrib/i686-linux-gnu/include conftest.c >&5
configure:7345: $? = 0
configure:7345: result: yes
configure:7345: checking for stdlib.h
configure:7345: gcc -c  -I/home/jcarrera/Documents/vlc/contrib/i686-linux-gnu/include -g -DOPJ_STATIC  -I/home/jcarrera/Documents/vlc/contrib/i686-linux-gnu/include conftest.c >&5
configure:7345: $? = 0
configure:7345: result: yes
configure:7345: checking for string.h
configure:7345: gcc -c  -I/home/jcarrera/Documents/vlc/contrib/i686-linux-gnu/include -g -DOPJ_STATIC  -I/home/jcarrera/Documents/vlc/contrib/i686-linux-gnu/include conftest.c >&5
configure:7345: $? = 0
configure:7345: result: yes
configure:7345: checking for memory.h
configure:7345: gcc -c  -I/home/jcarrera/Documents/vlc/contrib/i686-linux-gnu/include -g -DOPJ_STATIC  -I/home/jcarrera/Documents/vlc/contrib/i686-linux-gnu/include conftest.c >&5
configure:7345: $? = 0
configure:7345: result: yes
configure:7345: checking for strings.h
configure:7345: gcc -c  -I/home/jcarrera/Documents/vlc/contrib/i686-linux-gnu/include -g -DOPJ_STATIC  -I/home/jcarrera/Documents/vlc/contrib/i686-linux-gnu/include conftest.c >&5
configure:7345: $? = 0
configure:7345: result: yes
configure:7345: checking for inttypes.h
configure:7345: gcc -c  -I/home/jcarrera/Documents/vlc/contrib/i686-linux-gnu/include -g -DOPJ_STATIC  -I/home/jcarrera/Documents/vlc/contrib/i686-linux-gnu/include conftest.c >&5
configure:7345: $? = 0
configure:7345: result: yes
configure:7345: checking for stdint.h
configure:7345: gcc -c  -I/home/jcarrera/Documents/vlc/contrib/i686-linux-gnu/include -g -DOPJ_STATIC  -I/home/jcarrera/Documents/vlc/contrib/i686-linux-gnu/include conftest.c >&5
configure:7345: $? = 0
configure:7345: result: yes
configure:7345: checking for unistd.h
configure:7345: gcc -c  -I/home/jcarrera/Documents/vlc/contrib/i686-linux-gnu/include -g -DOPJ_STATIC  -I/home/jcarrera/Documents/vlc/contrib/i686-linux-gnu/include conftest.c >&5
configure:7345: $? = 0
configure:7345: result: yes
configure:7359: checking for dlfcn.h
configure:7359: gcc -c  -I/home/jcarrera/Documents/vlc/contrib/i686-linux-gnu/include -g -DOPJ_STATIC  -I/home/jcarrera/Documents/vlc/contrib/i686-linux-gnu/include conftest.c >&5
configure:7359: $? = 0
configure:7359: result: yes
configure:7863: checking for objdir
configure:7878: result: .libs
configure:8149: checking if gcc supports -fno-rtti -fno-exceptions
configure:8167: gcc -c  -I/home/jcarrera/Documents/vlc/contrib/i686-linux-gnu/include -g -DOPJ_STATIC  -I/home/jcarrera/Documents/vlc/contrib/i686-linux-gnu/include -fno-rtti -fno-exceptions conftest.c >&5
cc1: warning: command line option '-fno-rtti' is valid for C++/ObjC++ but not for C [enabled by default]
configure:8171: $? = 0
configure:8184: result: no
configure:8511: checking for gcc option to produce PIC
configure:8518: result: -fPIC -DPIC
configure:8526: checking if gcc PIC flag -fPIC -DPIC works
configure:8544: gcc -c  -I/home/jcarrera/Documents/vlc/contrib/i686-linux-gnu/include -g -DOPJ_STATIC  -I/home/jcarrera/Documents/vlc/contrib/i686-linux-gnu/include -fPIC -DPIC -DPIC conftest.c >&5
configure:8548: $? = 0
configure:8561: result: yes
configure:8590: checking if gcc static flag -static works
configure:8618: result: yes
configure:8633: checking if gcc supports -c -o file.o
configure:8654: gcc -c  -I/home/jcarrera/Documents/vlc/contrib/i686-linux-gnu/include -g -DOPJ_STATIC  -I/home/jcarrera/Documents/vlc/contrib/i686-linux-gnu/include -o out/conftest2.o conftest.c >&5
configure:8658: $? = 0
configure:8680: result: yes
configure:8688: checking if gcc supports -c -o file.o
configure:8735: result: yes
configure:8768: checking whether the gcc linker (ld) supports shared libraries
configure:9925: result: yes
configure:10165: checking dynamic linker characteristics
configure:10676: gcc -o conftest  -I/home/jcarrera/Documents/vlc/contrib/i686-linux-gnu/include -g -DOPJ_STATIC  -I/home/jcarrera/Documents/vlc/contrib/i686-linux-gnu/include  -L/home/jcarrera/Documents/vlc/contrib/i686-linux-gnu/lib -Wl,-rpath -Wl,/foo conftest.c  >&5
configure:10676: $? = 0
configure:10910: result: GNU/Linux ld.so
configure:11017: checking how to hardcode library paths into programs
configure:11042: result: immediate
configure:11582: checking whether stripping libraries is possible
configure:11587: result: yes
configure:11622: checking if libtool supports shared libraries
configure:11624: result: yes
configure:11627: checking whether to build shared libraries
configure:11648: result: no
configure:11651: checking whether to build static libraries
configure:11655: result: yes
configure:11746: checking whether to build in debug mode
configure:11748: result: no
configure:11767: checking whether to build the MJ2 binaries
configure:11769: result: no
configure:11803: checking whether to build the JPWL library
configure:11805: result: no
configure:11833: checking whether to build the JPIP library
configure:11835: result: no
configure:11852: checking whether to build the JPIP server
configure:11854: result: no
configure:11868: checking for i686-linux-gnu-gcc
configure:11895: result: gcc
configure:12164: checking for C compiler version
configure:12173: gcc --version >&5
gcc (Ubuntu/Linaro 4.6.3-1ubuntu5) 4.6.3
Copyright (C) 2011 Free Software Foundation, Inc.
This is free software; see the source for copying conditions.  There is NO
warranty; not even for MERCHANTABILITY or FITNESS FOR A PARTICULAR PURPOSE.

configure:12184: $? = 0
configure:12173: gcc -v >&5
Using built-in specs.
COLLECT_GCC=gcc
COLLECT_LTO_WRAPPER=/usr/lib/gcc/i686-linux-gnu/4.6/lto-wrapper
Target: i686-linux-gnu
Configured with: ../src/configure -v --with-pkgversion='Ubuntu/Linaro 4.6.3-1ubuntu5' --with-bugurl=file:///usr/share/doc/gcc-4.6/README.Bugs --enable-languages=c,c++,fortran,objc,obj-c++ --prefix=/usr --program-suffix=-4.6 --enable-shared --enable-linker-build-id --with-system-zlib --libexecdir=/usr/lib --without-included-gettext --enable-threads=posix --with-gxx-include-dir=/usr/include/c++/4.6 --libdir=/usr/lib --enable-nls --with-sysroot=/ --enable-clocale=gnu --enable-libstdcxx-debug --enable-libstdcxx-time=yes --enable-gnu-unique-object --enable-plugin --enable-objc-gc --enable-targets=all --disable-werror --with-arch-32=i686 --with-tune=generic --enable-checking=release --build=i686-linux-gnu --host=i686-linux-gnu --target=i686-linux-gnu
Thread model: posix
gcc version 4.6.3 (Ubuntu/Linaro 4.6.3-1ubuntu5) 
configure:12184: $? = 0
configure:12173: gcc -V >&5
gcc: error: unrecognized option '-V'
gcc: fatal error: no input files
compilation terminated.
configure:12184: $? = 4
configure:12173: gcc -qversion >&5
gcc: error: unrecognized option '-qversion'
gcc: fatal error: no input files
compilation terminated.
configure:12184: $? = 4
configure:12188: checking whether we are using the GNU C compiler
configure:12216: result: yes
configure:12225: checking whether gcc accepts -g
configure:12286: result: yes
configure:12303: checking for gcc option to accept ISO C89
configure:12380: result: none needed
configure:12402: checking dependency style of gcc
configure:12513: result: none
configure:12541: checking for i686-linux-gnu-pkg-config
configure:12574: result: no
configure:12584: checking for pkg-config
configure:12602: found /usr/bin/pkg-config
configure:12614: result: /usr/bin/pkg-config
configure:12639: checking pkg-config is at least version 0.9.0
configure:12642: result: yes
configure:12678: checking whether to build documentation
configure:12680: result: yes
configure:12744: checking for doxygen
configure:12772: result: no
configure:12789: WARNING: no doxygen detected. Documentation will not be built
configure:12821: checking whether ln -s works
configure:12825: result: yes
configure:12854: checking whether to build with PNG support
configure:12856: result: no
configure:14628: checking whether PNG is available
configure:14630: result: no
configure:14666: checking whether to build with TIFF support
configure:14668: result: no
configure:15030: checking whether TIFF is available
configure:15032: result: no
configure:15069: checking whether to build with LCMS-2 support
configure:15071: result: yes
configure:15077: checking for LCMS2
configure:15084: $PKG_CONFIG --exists --print-errors "lcms2"
Package lcms2 was not found in the pkg-config search path.
Perhaps you should add the directory containing `lcms2.pc'
to the PKG_CONFIG_PATH environment variable
No package 'lcms2' found
configure:15087: $? = 1
configure:15100: $PKG_CONFIG --exists --print-errors "lcms2"
Package lcms2 was not found in the pkg-config search path.
Perhaps you should add the directory containing `lcms2.pc'
to the PKG_CONFIG_PATH environment variable
No package 'lcms2' found
configure:15103: $? = 1
configure:15116: result: no
No package 'lcms2' found
configure:15146: checking whether LCMS-2 is available
configure:15148: result: no
configure:15174: checking whether to build with LCMS-1 support
configure:15176: result: yes
configure:15184: checking for LCMS1
configure:15191: $PKG_CONFIG --exists --print-errors "lcms1"
Package lcms1 was not found in the pkg-config search path.
Perhaps you should add the directory containing `lcms1.pc'
to the PKG_CONFIG_PATH environment variable
No package 'lcms1' found
configure:15194: $? = 1
configure:15207: $PKG_CONFIG --exists --print-errors "lcms1"
Package lcms1 was not found in the pkg-config search path.
Perhaps you should add the directory containing `lcms1.pc'
to the PKG_CONFIG_PATH environment variable
No package 'lcms1' found
configure:15210: $? = 1
configure:15223: result: no
No package 'lcms1' found
configure:15241: checking for LCMS1
configure:15248: $PKG_CONFIG --exists --print-errors "lcms"
Package lcms was not found in the pkg-config search path.
Perhaps you should add the directory containing `lcms.pc'
to the PKG_CONFIG_PATH environment variable
No package 'lcms' found
configure:15251: $? = 1
configure:15264: $PKG_CONFIG --exists --print-errors "lcms"
Package lcms was not found in the pkg-config search path.
Perhaps you should add the directory containing `lcms.pc'
to the PKG_CONFIG_PATH environment variable
No package 'lcms' found
configure:15267: $? = 1
configure:15280: result: no
No package 'lcms' found
configure:15389: checking whether LCMS-1 is available
configure:15391: result: no
configure:15955: checking for dirent.h that defines DIR
configure:15974: gcc -c  -I/home/jcarrera/Documents/vlc/contrib/i686-linux-gnu/include -g -DOPJ_STATIC  -I/home/jcarrera/Documents/vlc/contrib/i686-linux-gnu/include conftest.c >&5
configure:15974: $? = 0
configure:15982: result: yes
configure:15995: checking for library containing opendir
configure:16026: gcc -o conftest  -I/home/jcarrera/Documents/vlc/contrib/i686-linux-gnu/include -g -DOPJ_STATIC  -I/home/jcarrera/Documents/vlc/contrib/i686-linux-gnu/include  -L/home/jcarrera/Documents/vlc/contrib/i686-linux-gnu/lib conftest.c  >&5
configure:16026: $? = 0
configure:16043: result: none required
configure:16121: checking whether gcc and cc understand -c and -o together
configure:16152: gcc -c conftest.c -o conftest2.o >&5
configure:16156: $? = 0
configure:16162: gcc -c conftest.c -o conftest2.o >&5
configure:16166: $? = 0
configure:16177: cc -c conftest.c >&5
configure:16181: $? = 0
configure:16189: cc -c conftest.c -o conftest2.o >&5
configure:16193: $? = 0
configure:16199: cc -c conftest.c -o conftest2.o >&5
configure:16203: $? = 0
configure:16221: result: yes
configure:16246: checking whether byte ordering is bigendian
configure:16261: gcc -c  -I/home/jcarrera/Documents/vlc/contrib/i686-linux-gnu/include -g -DOPJ_STATIC  -I/home/jcarrera/Documents/vlc/contrib/i686-linux-gnu/include conftest.c >&5
conftest.c:25:9: error: unknown type name 'not'
conftest.c:25:15: error: expected '=', ',', ';', 'asm' or '__attribute__' before 'universal'
conftest.c:25:15: error: unknown type name 'universal'
configure:16261: $? = 1
configure: failed program was:
| /* confdefs.h */
| #define PACKAGE_NAME "OpenJPEG"
| #define PACKAGE_TARNAME "openjpeg"
| #define PACKAGE_VERSION "1.5.0"
| #define PACKAGE_STRING "OpenJPEG 1.5.0"
| #define PACKAGE_BUGREPORT "openjpeg@googlegroups.com"
| #define PACKAGE_URL "http://www.openjpeg.org"
| #define PACKAGE "openjpeg"
| #define VERSION "1.5.0"
| #define STDC_HEADERS 1
| #define HAVE_SYS_TYPES_H 1
| #define HAVE_SYS_STAT_H 1
| #define HAVE_STDLIB_H 1
| #define HAVE_STRING_H 1
| #define HAVE_MEMORY_H 1
| #define HAVE_STRINGS_H 1
| #define HAVE_INTTYPES_H 1
| #define HAVE_STDINT_H 1
| #define HAVE_UNISTD_H 1
| #define HAVE_DLFCN_H 1
| #define LT_OBJDIR ".libs/"
| #define HAVE_DIRENT_H 1
| /* end confdefs.h.  */
| #ifndef __APPLE_CC__
| 	       not a universal capable compiler
| 	     #endif
| 	     typedef int dummy;
| 
configure:16306: gcc -c  -I/home/jcarrera/Documents/vlc/contrib/i686-linux-gnu/include -g -DOPJ_STATIC  -I/home/jcarrera/Documents/vlc/contrib/i686-linux-gnu/include conftest.c >&5
configure:16306: $? = 0
configure:16324: gcc -c  -I/home/jcarrera/Documents/vlc/contrib/i686-linux-gnu/include -g -DOPJ_STATIC  -I/home/jcarrera/Documents/vlc/contrib/i686-linux-gnu/include conftest.c >&5
conftest.c: In function 'main':
conftest.c:31:4: error: unknown type name 'not'
conftest.c:31:12: error: expected '=', ',', ';', 'asm' or '__attribute__' before 'endian'
configure:16324: $? = 1
configure: failed program was:
| /* confdefs.h */
| #define PACKAGE_NAME "OpenJPEG"
| #define PACKAGE_TARNAME "openjpeg"
| #define PACKAGE_VERSION "1.5.0"
| #define PACKAGE_STRING "OpenJPEG 1.5.0"
| #define PACKAGE_BUGREPORT "openjpeg@googlegroups.com"
| #define PACKAGE_URL "http://www.openjpeg.org"
| #define PACKAGE "openjpeg"
| #define VERSION "1.5.0"
| #define STDC_HEADERS 1
| #define HAVE_SYS_TYPES_H 1
| #define HAVE_SYS_STAT_H 1
| #define HAVE_STDLIB_H 1
| #define HAVE_STRING_H 1
| #define HAVE_MEMORY_H 1
| #define HAVE_STRINGS_H 1
| #define HAVE_INTTYPES_H 1
| #define HAVE_STDINT_H 1
| #define HAVE_UNISTD_H 1
| #define HAVE_DLFCN_H 1
| #define LT_OBJDIR ".libs/"
| #define HAVE_DIRENT_H 1
| /* end confdefs.h.  */
| #include <sys/types.h>
| 		#include <sys/param.h>
| 
| int
| main ()
| {
| #if BYTE_ORDER != BIG_ENDIAN
| 		 not big endian
| 		#endif
| 
|   ;
|   return 0;
| }
configure:16452: result: no
configure:16486: checking whether the compiler supports -Wno-unused-result
configure:16500: gcc -c  -I/home/jcarrera/Documents/vlc/contrib/i686-linux-gnu/include -g -DOPJ_STATIC -Wno-unused-result  -I/home/jcarrera/Documents/vlc/contrib/i686-linux-gnu/include conftest.c >&5
configure:16500: $? = 0
configure:16506: result: yes
configure:16624: checking whether the compiler supports -O3
configure:16638: gcc -c  -I/home/jcarrera/Documents/vlc/contrib/i686-linux-gnu/include -g -DOPJ_STATIC -Wno-unused-result -O3  -I/home/jcarrera/Documents/vlc/contrib/i686-linux-gnu/include conftest.c >&5
configure:16638: $? = 0
configure:16644: result: yes
configure:16873: creating ./config.status

## ---------------------- ##
## Running config.status. ##
## ---------------------- ##

This file was extended by OpenJPEG config.status 1.5.0, which was
generated by GNU Autoconf 2.68.  Invocation command line was

  CONFIG_FILES    = 
  CONFIG_HEADERS  = 
  CONFIG_LINKS    = 
  CONFIG_COMMANDS = 
  $ ./config.status 

on jcarrera-VirtualBox

config.status:1162: creating Makefile
config.status:1162: creating libopenjpeg1.pc
config.status:1162: creating libopenjpeg-jpwl.pc
config.status:1162: creating libopenjpeg/Makefile
config.status:1162: creating libopenjpeg/jpwl/Makefile
config.status:1162: creating applications/Makefile
config.status:1162: creating applications/codec/Makefile
config.status:1162: creating applications/mj2/Makefile
config.status:1162: creating applications/jpip/Makefile
config.status:1162: creating applications/jpip/libopenjpip/Makefile
config.status:1162: creating applications/jpip/util/Makefile
config.status:1162: creating doc/Makefile
config.status:1162: creating opj_config.h
config.status:1391: executing depfiles commands
config.status:1391: executing libtool commands

## ---------------- ##
## Cache variables. ##
## ---------------- ##

ac_cv_build=i686-pc-linux-gnu
ac_cv_c_bigendian=no
ac_cv_c_compiler_gnu=yes
ac_cv_env_CC_set=set
ac_cv_env_CC_value=gcc
ac_cv_env_CFLAGS_set=set
ac_cv_env_CFLAGS_value=' -I/home/jcarrera/Documents/vlc/contrib/i686-linux-gnu/include -g -DOPJ_STATIC'
ac_cv_env_CPPFLAGS_set=set
ac_cv_env_CPPFLAGS_value=' -I/home/jcarrera/Documents/vlc/contrib/i686-linux-gnu/include'
ac_cv_env_CPP_set=
ac_cv_env_CPP_value=
ac_cv_env_FCGI_CFLAGS_set=
ac_cv_env_FCGI_CFLAGS_value=
ac_cv_env_FCGI_LIBS_set=
ac_cv_env_FCGI_LIBS_value=
ac_cv_env_LCMS1_CFLAGS_set=
ac_cv_env_LCMS1_CFLAGS_value=
ac_cv_env_LCMS1_LIBS_set=
ac_cv_env_LCMS1_LIBS_value=
ac_cv_env_LCMS2_CFLAGS_set=
ac_cv_env_LCMS2_CFLAGS_value=
ac_cv_env_LCMS2_LIBS_set=
ac_cv_env_LCMS2_LIBS_value=
ac_cv_env_LDFLAGS_set=set
ac_cv_env_LDFLAGS_value=' -L/home/jcarrera/Documents/vlc/contrib/i686-linux-gnu/lib'
ac_cv_env_LIBCURL_CFLAGS_set=
ac_cv_env_LIBCURL_CFLAGS_value=
ac_cv_env_LIBCURL_LIBS_set=
ac_cv_env_LIBCURL_LIBS_value=
ac_cv_env_LIBS_set=
ac_cv_env_LIBS_value=
ac_cv_env_PKG_CONFIG_LIBDIR_set=
ac_cv_env_PKG_CONFIG_LIBDIR_value=
ac_cv_env_PKG_CONFIG_PATH_set=set
ac_cv_env_PKG_CONFIG_PATH_value=:/home/jcarrera/Documents/vlc/contrib/i686-linux-gnu/lib/pkgconfig
ac_cv_env_PKG_CONFIG_set=
ac_cv_env_PKG_CONFIG_value=
ac_cv_env_PNG_CFLAGS_set=
ac_cv_env_PNG_CFLAGS_value=
ac_cv_env_PNG_LIBS_set=
ac_cv_env_PNG_LIBS_value=
ac_cv_env_THREAD_CFLAGS_set=
ac_cv_env_THREAD_CFLAGS_value=
ac_cv_env_THREAD_LIBS_set=
ac_cv_env_THREAD_LIBS_value=
ac_cv_env_TIFF_CFLAGS_set=
ac_cv_env_TIFF_CFLAGS_value=
ac_cv_env_TIFF_LIBS_set=
ac_cv_env_TIFF_LIBS_value=
ac_cv_env_Z_CFLAGS_set=
ac_cv_env_Z_CFLAGS_value=
ac_cv_env_Z_LIBS_set=
ac_cv_env_Z_LIBS_value=
ac_cv_env_build_alias_set=set
ac_cv_env_build_alias_value=i686-linux-gnu
ac_cv_env_host_alias_set=set
ac_cv_env_host_alias_value=i686-linux-gnu
ac_cv_env_target_alias_set=set
ac_cv_env_target_alias_value=i686-linux-gnu
ac_cv_header_dirent_dirent_h=yes
ac_cv_header_dlfcn_h=yes
ac_cv_header_inttypes_h=yes
ac_cv_header_memory_h=yes
ac_cv_header_stdc=yes
ac_cv_header_stdint_h=yes
ac_cv_header_stdlib_h=yes
ac_cv_header_string_h=yes
ac_cv_header_strings_h=yes
ac_cv_header_sys_stat_h=yes
ac_cv_header_sys_types_h=yes
ac_cv_header_unistd_h=yes
ac_cv_host=i686-pc-linux-gnu
ac_cv_objext=o
ac_cv_path_EGREP='/bin/grep -E'
ac_cv_path_FGREP='/bin/grep -F'
ac_cv_path_GREP=/bin/grep
ac_cv_path_SED=/bin/sed
ac_cv_path_ac_pt_PKG_CONFIG=/usr/bin/pkg-config
ac_cv_path_install='/usr/bin/install -c'
ac_cv_path_mkdir=/bin/mkdir
ac_cv_prog_AR=ar
ac_cv_prog_AWK=mawk
ac_cv_prog_CC=gcc
ac_cv_prog_CPP='gcc -E'
ac_cv_prog_RANLIB=ranlib
ac_cv_prog_STRIP=strip
ac_cv_prog_ac_ct_MANIFEST_TOOL=mt
ac_cv_prog_ac_ct_OBJDUMP=objdump
ac_cv_prog_cc_c89=
ac_cv_prog_cc_g=yes
ac_cv_prog_cc_gcc_c_o=yes
ac_cv_prog_make_make_set=yes
ac_cv_prog_opj_have_doxygen=no
ac_cv_search_opendir='none required'
ac_cv_target=i686-pc-linux-gnu
am_cv_CC_dependencies_compiler_type=none
am_cv_make_support_nested_variables=yes
lt_cv_ar_at_file=@
lt_cv_deplibs_check_method=pass_all
lt_cv_file_magic_cmd='$MAGIC_CMD'
lt_cv_file_magic_test_file=
lt_cv_ld_reload_flag=-r
lt_cv_nm_interface='BSD nm'
lt_cv_objdir=.libs
lt_cv_path_LD=ld
lt_cv_path_NM='/usr/bin/nm -B'
lt_cv_path_mainfest_tool=no
lt_cv_prog_compiler_c_o=yes
lt_cv_prog_compiler_pic='-fPIC -DPIC'
lt_cv_prog_compiler_pic_works=yes
lt_cv_prog_compiler_rtti_exceptions=no
lt_cv_prog_compiler_static_works=yes
lt_cv_prog_gnu_ld=yes
lt_cv_sharedlib_from_linklib_cmd='printf %s\n'
lt_cv_shlibpath_overrides_runpath=no
lt_cv_sys_global_symbol_pipe='sed -n -e '\''s/^.*[	 ]\([ABCDGIRSTW][ABCDGIRSTW]*\)[	 ][	 ]*\([_A-Za-z][_A-Za-z0-9]*\)$/\1 \2 \2/p'\'' | sed '\''/ __gnu_lto/d'\'''
lt_cv_sys_global_symbol_to_c_name_address='sed -n -e '\''s/^: \([^ ]*\)[ ]*$/  {\"\1\", (void *) 0},/p'\'' -e '\''s/^[ABCDGIRSTW]* \([^ ]*\) \([^ ]*\)$/  {"\2", (void *) \&\2},/p'\'''
lt_cv_sys_global_symbol_to_c_name_address_lib_prefix='sed -n -e '\''s/^: \([^ ]*\)[ ]*$/  {\"\1\", (void *) 0},/p'\'' -e '\''s/^[ABCDGIRSTW]* \([^ ]*\) \(lib[^ ]*\)$/  {"\2", (void *) \&\2},/p'\'' -e '\''s/^[ABCDGIRSTW]* \([^ ]*\) \([^ ]*\)$/  {"lib\2", (void *) \&\2},/p'\'''
lt_cv_sys_global_symbol_to_cdecl='sed -n -e '\''s/^T .* \(.*\)$/extern int \1();/p'\'' -e '\''s/^[ABCDGIRSTW]* .* \(.*\)$/extern char \1;/p'\'''
lt_cv_sys_max_cmd_len=805306365
lt_cv_to_host_file_cmd=func_convert_file_noop
lt_cv_to_tool_file_cmd=func_convert_file_noop

## ----------------- ##
## Output variables. ##
## ----------------- ##

ACLOCAL='${SHELL} /home/jcarrera/Documents/vlc/contrib/native/openjpeg/missing --run aclocal-1.11'
AMDEPBACKSLASH=''
AMDEP_FALSE=''
AMDEP_TRUE='#'
AMTAR='$${TAR-tar}'
AM_BACKSLASH='\'
AM_DEFAULT_V='$(AM_DEFAULT_VERBOSITY)'
AM_DEFAULT_VERBOSITY='0'
AM_V='$(V)'
AR='ar'
AS='as'
AUTOCONF='${SHELL} /home/jcarrera/Documents/vlc/contrib/native/openjpeg/missing --run autoconf'
AUTOHEADER='${SHELL} /home/jcarrera/Documents/vlc/contrib/native/openjpeg/missing --run autoheader'
AUTOMAKE='${SHELL} /home/jcarrera/Documents/vlc/contrib/native/openjpeg/missing --run automake-1.11'
AWK='mawk'
BUILD_SHARED_FALSE=''
BUILD_SHARED_TRUE='#'
BUILD_STATIC_FALSE='#'
BUILD_STATIC_TRUE=''
CC='gcc'
CCDEPMODE='depmode=none'
CFLAGS=' -I/home/jcarrera/Documents/vlc/contrib/i686-linux-gnu/include -g -DOPJ_STATIC -Wno-unused-result -O3'
CPP='gcc -E'
CPPFLAGS=' -I/home/jcarrera/Documents/vlc/contrib/i686-linux-gnu/include'
CYGPATH_W='echo'
DEFS='-DHAVE_CONFIG_H'
DEPDIR='.deps'
DLLTOOL='false'
DSYMUTIL=''
DUMPBIN=''
ECHO_C=''
ECHO_N='-n'
ECHO_T=''
EGREP='/bin/grep -E'
EXEEXT=''
FCGI_CFLAGS=''
FCGI_LIBS=''
FGREP='/bin/grep -F'
GREP='/bin/grep'
HAVE_DARWIN_FALSE=''
HAVE_DARWIN_TRUE='#'
HAVE_WIN32_FALSE=''
HAVE_WIN32_TRUE='#'
INSTALL_DATA='${INSTALL} -m 644'
INSTALL_PROGRAM='${INSTALL}'
INSTALL_SCRIPT='${INSTALL}'
INSTALL_STRIP_PROGRAM='$(install_sh) -c -s'
LCMS1_CFLAGS=''
LCMS1_LIBS=''
LCMS2_CFLAGS=''
LCMS2_LIBS=''
LD='ld'
LDFLAGS=' -L/home/jcarrera/Documents/vlc/contrib/i686-linux-gnu/lib'
LIBCURL_CFLAGS=''
LIBCURL_LIBS=''
LIBOBJS=''
LIBS=''
LIBTOOL='$(SHELL) $(top_builddir)/libtool'
LIPO=''
LN_S='ln -s'
LTLIBOBJS=''
MAJOR_NR='1'
MAKEINFO='${SHELL} /home/jcarrera/Documents/vlc/contrib/native/openjpeg/missing --run makeinfo'
MANIFEST_TOOL=':'
MICRO_NR='0'
MINOR_NR='5'
MKDIR_P='/bin/mkdir -p'
NM='/usr/bin/nm -B'
NMEDIT=''
OBJDUMP='objdump'
OBJEXT='o'
OPJ_BUILD_DOC_FALSE=''
OPJ_BUILD_DOC_TRUE='#'
OTOOL64=''
OTOOL=''
PACKAGE='openjpeg'
PACKAGE_BUGREPORT='openjpeg@googlegroups.com'
PACKAGE_NAME='OpenJPEG'
PACKAGE_STRING='OpenJPEG 1.5.0'
PACKAGE_TARNAME='openjpeg'
PACKAGE_URL='http://www.openjpeg.org'
PACKAGE_VERSION='1.5.0'
PATH_SEPARATOR=':'
PKG_CONFIG='/usr/bin/pkg-config'
PKG_CONFIG_LIBDIR=''
PKG_CONFIG_PATH=':/home/jcarrera/Documents/vlc/contrib/i686-linux-gnu/lib/pkgconfig'
PNG_CFLAGS=''
PNG_LIBS=''
RANLIB='ranlib'
SED='/bin/sed'
SET_MAKE=''
SHELL='/bin/bash'
STRIP='strip'
THREAD_CFLAGS=''
THREAD_LIBS=''
TIFF_CFLAGS=''
TIFF_LIBS=''
VERSION='1.5.0'
WANT_JPIP_CODE_FALSE=''
WANT_JPIP_CODE_TRUE='#'
WANT_JPIP_FALSE=''
WANT_JPIP_SERVER_FALSE=''
WANT_JPIP_SERVER_TRUE='#'
WANT_JPIP_TRUE='#'
WANT_JPWL_FALSE=''
WANT_JPWL_TRUE='#'
WANT_MJ2_FALSE=''
WANT_MJ2_TRUE='#'
Z_CFLAGS=''
Z_LIBS=''
ac_ct_AR=''
ac_ct_CC=''
ac_ct_DUMPBIN=''
am__EXEEXT_FALSE=''
am__EXEEXT_TRUE='#'
am__fastdepCC_FALSE=''
am__fastdepCC_TRUE='#'
am__include='include'
am__isrc=''
am__leading_dot='.'
am__nodep=''
am__quote=''
am__tar='$${TAR-tar} chof - "$$tardir"'
am__untar='$${TAR-tar} xf -'
bindir='${exec_prefix}/bin'
build='i686-pc-linux-gnu'
build_alias='i686-linux-gnu'
build_cpu='i686'
build_os='linux-gnu'
build_vendor='pc'
datadir='${datarootdir}'
datarootdir='${prefix}/share'
docdir='${datarootdir}/doc/${PACKAGE_TARNAME}'
dvidir='${docdir}'
exec_prefix='${prefix}'
host='i686-pc-linux-gnu'
host_alias='i686-linux-gnu'
host_cpu='i686'
host_os='linux-gnu'
host_vendor='pc'
htmldir='${docdir}'
includedir='${prefix}/include'
infodir='${datarootdir}/info'
install_sh='${SHELL} /home/jcarrera/Documents/vlc/contrib/native/openjpeg/install-sh'
libdir='${exec_prefix}/lib'
libexecdir='${exec_prefix}/libexec'
localedir='${datarootdir}/locale'
localstatedir='${prefix}/var'
lt_version='6:0:5'
mandir='${datarootdir}/man'
mkdir_p='/bin/mkdir -p'
oldincludedir='/usr/include'
opj_doxygen='doxygen'
opj_have_doxygen='no'
pdfdir='${docdir}'
pkgconfig_requires_private='Requires.private'
prefix='/home/jcarrera/Documents/vlc/contrib/i686-linux-gnu'
program_transform_name='s&^&&'
psdir='${docdir}'
requirements=''
sbindir='${exec_prefix}/sbin'
sharedstatedir='${prefix}/com'
sysconfdir='${prefix}/etc'
target='i686-pc-linux-gnu'
target_alias='i686-linux-gnu'
target_cpu='i686'
target_os='linux-gnu'
target_vendor='pc'
with_libpng_FALSE=''
with_libpng_TRUE='#'
with_libtiff_FALSE=''
with_libtiff_TRUE='#'

## ----------- ##
## confdefs.h. ##
## ----------- ##

/* confdefs.h */
#define PACKAGE_NAME "OpenJPEG"
#define PACKAGE_TARNAME "openjpeg"
#define PACKAGE_VERSION "1.5.0"
#define PACKAGE_STRING "OpenJPEG 1.5.0"
#define PACKAGE_BUGREPORT "openjpeg@googlegroups.com"
#define PACKAGE_URL "http://www.openjpeg.org"
#define PACKAGE "openjpeg"
#define VERSION "1.5.0"
#define STDC_HEADERS 1
#define HAVE_SYS_TYPES_H 1
#define HAVE_SYS_STAT_H 1
#define HAVE_STDLIB_H 1
#define HAVE_STRING_H 1
#define HAVE_MEMORY_H 1
#define HAVE_STRINGS_H 1
#define HAVE_INTTYPES_H 1
#define HAVE_STDINT_H 1
#define HAVE_UNISTD_H 1
#define HAVE_DLFCN_H 1
#define LT_OBJDIR ".libs/"
#define HAVE_DIRENT_H 1

configure: exit 0
